[0.006s] Invoking command in '/home/ruben/workhop_rl/build/unitree_legged_real': CMAKE_PREFIX_PATH=/home/ruben/workhop_rl/install/unitree_rl_controller:/home/ruben/workhop_rl/install/ros2_unitree_legged_msgs:/home/ruben/workhop_rl/install/unitree_legged_real:/opt/ros/humble LD_LIBRARY_PATH=/home/ruben/workhop_rl/install/unitree_rl_controller/lib:/home/ruben/workhop_rl/install/ros2_unitree_legged_msgs/lib:/home/ruben/workhop_rl/install/unitree_legged_real/lib:/usr/lib/x86_64-linux-gnu/gazebo-11/plugins:/opt/ros/humble/opt/rviz_ogre_vendor/lib:/opt/ros/humble/lib/x86_64-linux-gnu:/opt/ros/humble/lib:/usr/local/cuda-12.6/lib64:/home/ruben/workhop_rl/src/libtorch/lib/:/home/ruben/workhop_rl/src/libtorch/lib/:/home/ruben/libtorch/lib/ /usr/bin/cmake --build /home/ruben/workhop_rl/build/unitree_legged_real -- -j20 -l20
[0.039s] [ 40%] Built target ros2_position_example
[0.039s] [ 40%] Built target ros2_test
[0.040s] [ 60%] Built target lcm_server
[0.042s] [ 80%] Built target ros2_walk_example
[0.042s] [35m[1mConsolidate compiler generated dependencies of target ros2_rl[0m
[0.076s] [ 90%] [32mBuilding CXX object CMakeFiles/ros2_rl.dir/src/ros2_rl.cpp.o[0m
[11.451s] [100%] [32m[1mLinking CXX executable ros2_rl[0m
[11.849s] [100%] Built target ros2_rl
[11.855s] Invoked command in '/home/ruben/workhop_rl/build/unitree_legged_real' returned '0': CMAKE_PREFIX_PATH=/home/ruben/workhop_rl/install/unitree_rl_controller:/home/ruben/workhop_rl/install/ros2_unitree_legged_msgs:/home/ruben/workhop_rl/install/unitree_legged_real:/opt/ros/humble LD_LIBRARY_PATH=/home/ruben/workhop_rl/install/unitree_rl_controller/lib:/home/ruben/workhop_rl/install/ros2_unitree_legged_msgs/lib:/home/ruben/workhop_rl/install/unitree_legged_real/lib:/usr/lib/x86_64-linux-gnu/gazebo-11/plugins:/opt/ros/humble/opt/rviz_ogre_vendor/lib:/opt/ros/humble/lib/x86_64-linux-gnu:/opt/ros/humble/lib:/usr/local/cuda-12.6/lib64:/home/ruben/workhop_rl/src/libtorch/lib/:/home/ruben/workhop_rl/src/libtorch/lib/:/home/ruben/libtorch/lib/ /usr/bin/cmake --build /home/ruben/workhop_rl/build/unitree_legged_real -- -j20 -l20
[11.856s] Invoking command in '/home/ruben/workhop_rl/build/unitree_legged_real': CMAKE_PREFIX_PATH=/home/ruben/workhop_rl/install/unitree_rl_controller:/home/ruben/workhop_rl/install/ros2_unitree_legged_msgs:/home/ruben/workhop_rl/install/unitree_legged_real:/opt/ros/humble LD_LIBRARY_PATH=/home/ruben/workhop_rl/install/unitree_rl_controller/lib:/home/ruben/workhop_rl/install/ros2_unitree_legged_msgs/lib:/home/ruben/workhop_rl/install/unitree_legged_real/lib:/usr/lib/x86_64-linux-gnu/gazebo-11/plugins:/opt/ros/humble/opt/rviz_ogre_vendor/lib:/opt/ros/humble/lib/x86_64-linux-gnu:/opt/ros/humble/lib:/usr/local/cuda-12.6/lib64:/home/ruben/workhop_rl/src/libtorch/lib/:/home/ruben/workhop_rl/src/libtorch/lib/:/home/ruben/libtorch/lib/ /usr/bin/cmake --install /home/ruben/workhop_rl/build/unitree_legged_real
[11.861s] -- Install configuration: ""
[11.861s] -- Up-to-date: /home/ruben/workhop_rl/install/unitree_legged_real/lib
[11.861s] -- Up-to-date: /home/ruben/workhop_rl/install/unitree_legged_real/lib/libunitree_legged_sdk_arm64.so
[11.861s] -- Up-to-date: /home/ruben/workhop_rl/install/unitree_legged_real/lib/libunitree_legged_sdk_amd64.so
[11.861s] -- Up-to-date: /home/ruben/workhop_rl/install/unitree_legged_real/lib/unitree_legged_real/ros2_walk_example
[11.861s] -- Up-to-date: /home/ruben/workhop_rl/install/unitree_legged_real/lib/unitree_legged_real/ros2_position_example
[11.861s] -- Installing: /home/ruben/workhop_rl/install/unitree_legged_real/lib/unitree_legged_real/ros2_rl
[11.862s] -- Set runtime path of "/home/ruben/workhop_rl/install/unitree_legged_real/lib/unitree_legged_real/ros2_rl" to ""
[11.862s] -- Up-to-date: /home/ruben/workhop_rl/install/unitree_legged_real/lib/unitree_legged_real/ros2_test
[11.862s] -- Up-to-date: /home/ruben/workhop_rl/install/unitree_legged_real/lib/unitree_legged_real/lcm_server
[11.862s] -- Up-to-date: /home/ruben/workhop_rl/install/unitree_legged_real/share/ament_index/resource_index/package_run_dependencies/unitree_legged_real
[11.862s] -- Up-to-date: /home/ruben/workhop_rl/install/unitree_legged_real/share/ament_index/resource_index/parent_prefix_path/unitree_legged_real
[11.862s] -- Up-to-date: /home/ruben/workhop_rl/install/unitree_legged_real/share/unitree_legged_real/environment/ament_prefix_path.sh
[11.862s] -- Up-to-date: /home/ruben/workhop_rl/install/unitree_legged_real/share/unitree_legged_real/environment/ament_prefix_path.dsv
[11.862s] -- Up-to-date: /home/ruben/workhop_rl/install/unitree_legged_real/share/unitree_legged_real/environment/path.sh
[11.862s] -- Up-to-date: /home/ruben/workhop_rl/install/unitree_legged_real/share/unitree_legged_real/environment/path.dsv
[11.862s] -- Up-to-date: /home/ruben/workhop_rl/install/unitree_legged_real/share/unitree_legged_real/local_setup.bash
[11.862s] -- Up-to-date: /home/ruben/workhop_rl/install/unitree_legged_real/share/unitree_legged_real/local_setup.sh
[11.862s] -- Up-to-date: /home/ruben/workhop_rl/install/unitree_legged_real/share/unitree_legged_real/local_setup.zsh
[11.862s] -- Up-to-date: /home/ruben/workhop_rl/install/unitree_legged_real/share/unitree_legged_real/local_setup.dsv
[11.862s] -- Installing: /home/ruben/workhop_rl/install/unitree_legged_real/share/unitree_legged_real/package.dsv
[11.862s] -- Up-to-date: /home/ruben/workhop_rl/install/unitree_legged_real/share/ament_index/resource_index/packages/unitree_legged_real
[11.863s] -- Up-to-date: /home/ruben/workhop_rl/install/unitree_legged_real/share/unitree_legged_real/cmake/unitree_legged_realConfig.cmake
[11.863s] -- Up-to-date: /home/ruben/workhop_rl/install/unitree_legged_real/share/unitree_legged_real/cmake/unitree_legged_realConfig-version.cmake
[11.863s] -- Up-to-date: /home/ruben/workhop_rl/install/unitree_legged_real/share/unitree_legged_real/package.xml
[11.863s] Invoked command in '/home/ruben/workhop_rl/build/unitree_legged_real' returned '0': CMAKE_PREFIX_PATH=/home/ruben/workhop_rl/install/unitree_rl_controller:/home/ruben/workhop_rl/install/ros2_unitree_legged_msgs:/home/ruben/workhop_rl/install/unitree_legged_real:/opt/ros/humble LD_LIBRARY_PATH=/home/ruben/workhop_rl/install/unitree_rl_controller/lib:/home/ruben/workhop_rl/install/ros2_unitree_legged_msgs/lib:/home/ruben/workhop_rl/install/unitree_legged_real/lib:/usr/lib/x86_64-linux-gnu/gazebo-11/plugins:/opt/ros/humble/opt/rviz_ogre_vendor/lib:/opt/ros/humble/lib/x86_64-linux-gnu:/opt/ros/humble/lib:/usr/local/cuda-12.6/lib64:/home/ruben/workhop_rl/src/libtorch/lib/:/home/ruben/workhop_rl/src/libtorch/lib/:/home/ruben/libtorch/lib/ /usr/bin/cmake --install /home/ruben/workhop_rl/build/unitree_legged_real
