-- The C compiler identification is GNU 11.4.0
-- The CXX compiler identification is GNU 11.4.0
-- Detecting C compiler ABI info
-- Detecting C compiler ABI info - done
-- Check for working C compiler: /usr/bin/cc - skipped
-- Detecting C compile features
-- Detecting C compile features - done
-- Detecting CXX compiler ABI info
-- Detecting CXX compiler ABI info - done
-- Check for working CXX compiler: /usr/bin/c++ - skipped
-- Detecting CXX compile features
-- Detecting CXX compile features - done
-- Found ament_cmake: 1.3.11 (/opt/ros/humble/share/ament_cmake/cmake)
-- Found Python3: /usr/bin/python3 (found version "3.10.12") found components: Interpreter 
-- Found rclcpp: 16.0.11 (/opt/ros/humble/share/rclcpp/cmake)
-- Found rosidl_generator_c: 3.1.6 (/opt/ros/humble/share/rosidl_generator_c/cmake)
-- Found rosidl_adapter: 3.1.6 (/opt/ros/humble/share/rosidl_adapter/cmake)
-- Found rosidl_generator_cpp: 3.1.6 (/opt/ros/humble/share/rosidl_generator_cpp/cmake)
-- Using all available rosidl_typesupport_c: rosidl_typesupport_fastrtps_c;rosidl_typesupport_introspection_c
-- Using all available rosidl_typesupport_cpp: rosidl_typesupport_fastrtps_cpp;rosidl_typesupport_introspection_cpp
-- Found rmw_implementation_cmake: 6.1.2 (/opt/ros/humble/share/rmw_implementation_cmake/cmake)
-- Found rmw_fastrtps_cpp: 6.2.7 (/opt/ros/humble/share/rmw_fastrtps_cpp/cmake)
-- Found OpenSSL: /usr/lib/x86_64-linux-gnu/libcrypto.so (found version "3.0.2")  
-- Found FastRTPS: /opt/ros/humble/include  
-- Using RMW implementation 'rmw_fastrtps_cpp' as default
-- Looking for pthread.h
-- Looking for pthread.h - found
-- Performing Test CMAKE_HAVE_LIBC_PTHREAD
-- Performing Test CMAKE_HAVE_LIBC_PTHREAD - Success
-- Found Threads: TRUE  
-- Found sensor_msgs: 4.2.4 (/opt/ros/humble/share/sensor_msgs/cmake)
-- Found ros2_unitree_legged_msgs: 0.4.0 (/home/ruben/workhop_rl/install/ros2_unitree_legged_msgs/share/ros2_unitree_legged_msgs/cmake)
-- Found unitree_rl_controller: 0.0.0 (/home/ruben/workhop_rl/install/unitree_rl_controller/share/unitree_rl_controller/cmake)
[0m-- CMAKE_SYSTEM_PROCESSOR: x86_64[0m
-- Found Torch: /home/ruben/workhop_rl/src/libtorch/lib/libtorch.so  
-- Configuring done
-- Generating done
-- Build files have been written to: /home/ruben/workhop_rl/build/unitree_legged_real
[ 20%] [32mBuilding CXX object CMakeFiles/ros2_position_example.dir/src/ros2_position_example.cpp.o[0m
[ 20%] [32mBuilding CXX object CMakeFiles/lcm_server.dir/unitree_legged_sdk/examples/lcm_server.cpp.o[0m
[ 30%] [32mBuilding CXX object CMakeFiles/ros2_test.dir/src/ros2_test.cpp.o[0m
[ 40%] [32mBuilding CXX object CMakeFiles/ros2_walk_example.dir/src/ros2_walk_example.cpp.o[0m
[ 50%] [32mBuilding CXX object CMakeFiles/ros2_rl.dir/src/ros2_rl.cpp.o[0m
[ 60%] [32m[1mLinking CXX executable lcm_server[0m
[ 60%] Built target lcm_server
[ 70%] [32m[1mLinking CXX executable ros2_test[0m
[ 80%] [32m[1mLinking CXX executable ros2_walk_example[0m
[ 90%] [32m[1mLinking CXX executable ros2_position_example[0m
[ 90%] Built target ros2_test
[ 90%] Built target ros2_walk_example
[ 90%] Built target ros2_position_example
[100%] [32m[1mLinking CXX executable ros2_rl[0m
[100%] Built target ros2_rl
-- Install configuration: ""
-- Installing: /home/ruben/workhop_rl/install/unitree_legged_real/lib
-- Installing: /home/ruben/workhop_rl/install/unitree_legged_real/lib/libunitree_legged_sdk_arm64.so
-- Installing: /home/ruben/workhop_rl/install/unitree_legged_real/lib/libunitree_legged_sdk_amd64.so
-- Installing: /home/ruben/workhop_rl/install/unitree_legged_real/lib/unitree_legged_real/ros2_walk_example
-- Set runtime path of "/home/ruben/workhop_rl/install/unitree_legged_real/lib/unitree_legged_real/ros2_walk_example" to ""
-- Installing: /home/ruben/workhop_rl/install/unitree_legged_real/lib/unitree_legged_real/ros2_position_example
-- Set runtime path of "/home/ruben/workhop_rl/install/unitree_legged_real/lib/unitree_legged_real/ros2_position_example" to ""
-- Installing: /home/ruben/workhop_rl/install/unitree_legged_real/lib/unitree_legged_real/ros2_rl
-- Set runtime path of "/home/ruben/workhop_rl/install/unitree_legged_real/lib/unitree_legged_real/ros2_rl" to ""
-- Installing: /home/ruben/workhop_rl/install/unitree_legged_real/lib/unitree_legged_real/ros2_test
-- Set runtime path of "/home/ruben/workhop_rl/install/unitree_legged_real/lib/unitree_legged_real/ros2_test" to ""
-- Installing: /home/ruben/workhop_rl/install/unitree_legged_real/lib/unitree_legged_real/lcm_server
-- Set runtime path of "/home/ruben/workhop_rl/install/unitree_legged_real/lib/unitree_legged_real/lcm_server" to ""
-- Installing: /home/ruben/workhop_rl/install/unitree_legged_real/share/ament_index/resource_index/package_run_dependencies/unitree_legged_real
-- Installing: /home/ruben/workhop_rl/install/unitree_legged_real/share/ament_index/resource_index/parent_prefix_path/unitree_legged_real
-- Installing: /home/ruben/workhop_rl/install/unitree_legged_real/share/unitree_legged_real/environment/ament_prefix_path.sh
-- Installing: /home/ruben/workhop_rl/install/unitree_legged_real/share/unitree_legged_real/environment/ament_prefix_path.dsv
-- Installing: /home/ruben/workhop_rl/install/unitree_legged_real/share/unitree_legged_real/environment/path.sh
-- Installing: /home/ruben/workhop_rl/install/unitree_legged_real/share/unitree_legged_real/environment/path.dsv
-- Installing: /home/ruben/workhop_rl/install/unitree_legged_real/share/unitree_legged_real/local_setup.bash
-- Installing: /home/ruben/workhop_rl/install/unitree_legged_real/share/unitree_legged_real/local_setup.sh
-- Installing: /home/ruben/workhop_rl/install/unitree_legged_real/share/unitree_legged_real/local_setup.zsh
-- Installing: /home/ruben/workhop_rl/install/unitree_legged_real/share/unitree_legged_real/local_setup.dsv
-- Installing: /home/ruben/workhop_rl/install/unitree_legged_real/share/unitree_legged_real/package.dsv
-- Installing: /home/ruben/workhop_rl/install/unitree_legged_real/share/ament_index/resource_index/packages/unitree_legged_real
-- Installing: /home/ruben/workhop_rl/install/unitree_legged_real/share/unitree_legged_real/cmake/unitree_legged_realConfig.cmake
-- Installing: /home/ruben/workhop_rl/install/unitree_legged_real/share/unitree_legged_real/cmake/unitree_legged_realConfig-version.cmake
-- Installing: /home/ruben/workhop_rl/install/unitree_legged_real/share/unitree_legged_real/package.xml
