[35m[1mConsolidate compiler generated dependencies of target unitree_rl_controller[0m
[100%] Built target unitree_rl_controller
-- Install configuration: ""
-- Up-to-date: /home/ruben/workhop_rl/install/unitree_rl_controller/share/unitree_rl_controller/environment/library_path.sh
-- Up-to-date: /home/ruben/workhop_rl/install/unitree_rl_controller/share/unitree_rl_controller/environment/library_path.dsv
-- Up-to-date: /home/ruben/workhop_rl/install/unitree_rl_controller/lib/libunitree_rl_controller.so
-- Up-to-date: /home/ruben/workhop_rl/install/unitree_rl_controller/include/unitree_rl_controller/unitree_rl_controller
-- Up-to-date: /home/ruben/workhop_rl/install/unitree_rl_controller/include/unitree_rl_controller/unitree_rl_controller/rl_agent.h
-- Up-to-date: /home/ruben/workhop_rl/install/unitree_rl_controller/share/ament_index/resource_index/package_run_dependencies/unitree_rl_controller
-- Up-to-date: /home/ruben/workhop_rl/install/unitree_rl_controller/share/ament_index/resource_index/parent_prefix_path/unitree_rl_controller
-- Up-to-date: /home/ruben/workhop_rl/install/unitree_rl_controller/share/unitree_rl_controller/environment/ament_prefix_path.sh
-- Up-to-date: /home/ruben/workhop_rl/install/unitree_rl_controller/share/unitree_rl_controller/environment/ament_prefix_path.dsv
-- Up-to-date: /home/ruben/workhop_rl/install/unitree_rl_controller/share/unitree_rl_controller/environment/path.sh
-- Up-to-date: /home/ruben/workhop_rl/install/unitree_rl_controller/share/unitree_rl_controller/environment/path.dsv
-- Up-to-date: /home/ruben/workhop_rl/install/unitree_rl_controller/share/unitree_rl_controller/local_setup.bash
-- Up-to-date: /home/ruben/workhop_rl/install/unitree_rl_controller/share/unitree_rl_controller/local_setup.sh
-- Up-to-date: /home/ruben/workhop_rl/install/unitree_rl_controller/share/unitree_rl_controller/local_setup.zsh
-- Up-to-date: /home/ruben/workhop_rl/install/unitree_rl_controller/share/unitree_rl_controller/local_setup.dsv
-- Installing: /home/ruben/workhop_rl/install/unitree_rl_controller/share/unitree_rl_controller/package.dsv
-- Up-to-date: /home/ruben/workhop_rl/install/unitree_rl_controller/share/ament_index/resource_index/packages/unitree_rl_controller
-- Up-to-date: /home/ruben/workhop_rl/install/unitree_rl_controller/share/unitree_rl_controller/cmake/ament_cmake_export_dependencies-extras.cmake
-- Up-to-date: /home/ruben/workhop_rl/install/unitree_rl_controller/share/unitree_rl_controller/cmake/ament_cmake_export_include_directories-extras.cmake
-- Up-to-date: /home/ruben/workhop_rl/install/unitree_rl_controller/share/unitree_rl_controller/cmake/ament_cmake_export_libraries-extras.cmake
-- Up-to-date: /home/ruben/workhop_rl/install/unitree_rl_controller/share/unitree_rl_controller/cmake/unitree_rl_controllerConfig.cmake
-- Up-to-date: /home/ruben/workhop_rl/install/unitree_rl_controller/share/unitree_rl_controller/cmake/unitree_rl_controllerConfig-version.cmake
-- Up-to-date: /home/ruben/workhop_rl/install/unitree_rl_controller/share/unitree_rl_controller/package.xml
