-- Found ament_cmake: 1.3.11 (/opt/ros/humble/share/ament_cmake/cmake)
-- Found rclcpp: 16.0.11 (/opt/ros/humble/share/rclcpp/cmake)
-- Found rosidl_generator_c: 3.1.6 (/opt/ros/humble/share/rosidl_generator_c/cmake)
-- Found rosidl_adapter: 3.1.6 (/opt/ros/humble/share/rosidl_adapter/cmake)
-- Found rosidl_generator_cpp: 3.1.6 (/opt/ros/humble/share/rosidl_generator_cpp/cmake)
-- Using all available rosidl_typesupport_c: rosidl_typesupport_fastrtps_c;rosidl_typesupport_introspection_c
-- Using all available rosidl_typesupport_cpp: rosidl_typesupport_fastrtps_cpp;rosidl_typesupport_introspection_cpp
-- Found rmw_implementation_cmake: 6.1.2 (/opt/ros/humble/share/rmw_implementation_cmake/cmake)
-- Found rmw_fastrtps_cpp: 6.2.7 (/opt/ros/humble/share/rmw_fastrtps_cpp/cmake)
-- Using RMW implementation 'rmw_fastrtps_cpp' as default
-- Found ros2_unitree_legged_msgs: 0.4.0 (/home/ruben/workhop_rl/install/ros2_unitree_legged_msgs/share/ros2_unitree_legged_msgs/cmake)
-- Found geometry_msgs: 4.2.4 (/opt/ros/humble/share/geometry_msgs/cmake)
-- Found nav_msgs: 4.2.4 (/opt/ros/humble/share/nav_msgs/cmake)
-- Configuring done
-- Generating done
-- Build files have been written to: /home/ruben/workhop_rl/build/unitree_rl_controller
[35m[1mConsolidate compiler generated dependencies of target unitree_rl_controller[0m
[ 50%] [32mBuilding CXX object CMakeFiles/unitree_rl_controller.dir/src/rl_agent.cpp.o[0m
[100%] [32m[1mLinking CXX shared library libunitree_rl_controller.so[0m
[100%] Built target unitree_rl_controller
-- Install configuration: ""
-- Up-to-date: /home/ruben/workhop_rl/install/unitree_rl_controller/share/unitree_rl_controller/environment/library_path.sh
-- Installing: /home/ruben/workhop_rl/install/unitree_rl_controller/share/unitree_rl_controller/environment/library_path.dsv
-- Installing: /home/ruben/workhop_rl/install/unitree_rl_controller/lib/libunitree_rl_controller.so
-- Set runtime path of "/home/ruben/workhop_rl/install/unitree_rl_controller/lib/libunitree_rl_controller.so" to ""
-- Up-to-date: /home/ruben/workhop_rl/install/unitree_rl_controller/include/unitree_rl_controller/unitree_rl_controller
-- Up-to-date: /home/ruben/workhop_rl/install/unitree_rl_controller/include/unitree_rl_controller/unitree_rl_controller/rl_agent.h
-- Up-to-date: /home/ruben/workhop_rl/install/unitree_rl_controller/share/ament_index/resource_index/package_run_dependencies/unitree_rl_controller
-- Up-to-date: /home/ruben/workhop_rl/install/unitree_rl_controller/share/ament_index/resource_index/parent_prefix_path/unitree_rl_controller
-- Up-to-date: /home/ruben/workhop_rl/install/unitree_rl_controller/share/unitree_rl_controller/environment/ament_prefix_path.sh
-- Installing: /home/ruben/workhop_rl/install/unitree_rl_controller/share/unitree_rl_controller/environment/ament_prefix_path.dsv
-- Up-to-date: /home/ruben/workhop_rl/install/unitree_rl_controller/share/unitree_rl_controller/environment/path.sh
-- Installing: /home/ruben/workhop_rl/install/unitree_rl_controller/share/unitree_rl_controller/environment/path.dsv
-- Up-to-date: /home/ruben/workhop_rl/install/unitree_rl_controller/share/unitree_rl_controller/local_setup.bash
-- Up-to-date: /home/ruben/workhop_rl/install/unitree_rl_controller/share/unitree_rl_controller/local_setup.sh
-- Up-to-date: /home/ruben/workhop_rl/install/unitree_rl_controller/share/unitree_rl_controller/local_setup.zsh
-- Installing: /home/ruben/workhop_rl/install/unitree_rl_controller/share/unitree_rl_controller/local_setup.dsv
-- Installing: /home/ruben/workhop_rl/install/unitree_rl_controller/share/unitree_rl_controller/package.dsv
-- Up-to-date: /home/ruben/workhop_rl/install/unitree_rl_controller/share/ament_index/resource_index/packages/unitree_rl_controller
-- Up-to-date: /home/ruben/workhop_rl/install/unitree_rl_controller/share/unitree_rl_controller/cmake/ament_cmake_export_dependencies-extras.cmake
-- Up-to-date: /home/ruben/workhop_rl/install/unitree_rl_controller/share/unitree_rl_controller/cmake/ament_cmake_export_include_directories-extras.cmake
-- Up-to-date: /home/ruben/workhop_rl/install/unitree_rl_controller/share/unitree_rl_controller/cmake/ament_cmake_export_libraries-extras.cmake
-- Up-to-date: /home/ruben/workhop_rl/install/unitree_rl_controller/share/unitree_rl_controller/cmake/unitree_rl_controllerConfig.cmake
-- Up-to-date: /home/ruben/workhop_rl/install/unitree_rl_controller/share/unitree_rl_controller/cmake/unitree_rl_controllerConfig-version.cmake
-- Up-to-date: /home/ruben/workhop_rl/install/unitree_rl_controller/share/unitree_rl_controller/package.xml
