[0.007s] Invoking command in '/home/ruben/workhop_rl/build/unitree_legged_real': CMAKE_PREFIX_PATH=/home/ruben/workhop_rl/install/unitree_rl_controller:/home/ruben/workhop_rl/install/ros2_unitree_legged_msgs:/home/ruben/workhop_rl/install/unitree_legged_real:/opt/ros/humble LD_LIBRARY_PATH=/home/ruben/workhop_rl/install/unitree_rl_controller/lib:/home/ruben/workhop_rl/install/ros2_unitree_legged_msgs/lib:/home/ruben/workhop_rl/install/unitree_legged_real/lib:/usr/lib/x86_64-linux-gnu/gazebo-11/plugins:/opt/ros/humble/opt/rviz_ogre_vendor/lib:/opt/ros/humble/lib/x86_64-linux-gnu:/opt/ros/humble/lib:/usr/local/cuda-12.6/lib64:/home/ruben/workhop_rl/src/libtorch/lib/:/home/ruben/workhop_rl/src/libtorch/lib/:/home/ruben/libtorch/lib/ /usr/bin/cmake --build /home/ruben/workhop_rl/build/unitree_legged_real -- -j20 -l20
[0.039s] [ 16%] Built target lcm_server
[0.040s] [ 33%] Built target ros2_test
[0.040s] [ 50%] Built target ros2_walk_example
[0.040s] [ 66%] Built target ros2_position_example
[0.041s] [35m[1mConsolidate compiler generated dependencies of target ros2_rl[0m
[0.054s] [ 75%] [32m[1mLinking CXX executable ros2_rl_control[0m
[0.074s] [ 83%] [32mBuilding CXX object CMakeFiles/ros2_rl.dir/src/ros2_rl.cpp.o[0m
[0.449s] [ 91%] Built target ros2_rl_control
[5.195s] [01m[K/home/ruben/workhop_rl/src/unitree_ros2_to_real/src/ros2_rl.cpp:[m[K In function ‘[01m[Kint main(int, char**)[m[K’:
[5.195s] [01m[K/home/ruben/workhop_rl/src/unitree_ros2_to_real/src/ros2_rl.cpp:387:55:[m[K [01;31m[Kerror: [m[K‘[01m[Kstruct Observations[m[K’ has no member named ‘[01m[Ksize[m[K’
[5.195s]   387 |                         obs_msg.data.resize(agent.obs.[01;31m[Ksize[m[K(1));
[5.195s]       |                                                       [01;31m[K^~~~[m[K
[5.195s] [01m[K/home/ruben/workhop_rl/src/unitree_ros2_to_real/src/ros2_rl.cpp:388:55:[m[K [01;31m[Kerror: [m[K‘[01m[Kstruct Observations[m[K’ has no member named ‘[01m[Ksize[m[K’
[5.195s]   388 |                         for (int i = 0; i < agent.obs.[01;31m[Ksize[m[K(1); ++i) {
[5.195s]       |                                                       [01;31m[K^~~~[m[K
[5.201s] [01m[K/home/ruben/workhop_rl/src/unitree_ros2_to_real/src/ros2_rl.cpp:389:47:[m[K [01;31m[Kerror: [m[K‘[01m[Kobs[m[K’ was not declared in this scope; did you mean ‘[01m[Kabs[m[K’?
[5.201s]   389 |                             obs_msg.data[i] = [01;31m[Kobs[m[K[0][i].item<float>();
[5.201s]       |                                               [01;31m[K^~~[m[K
[5.201s]       |                                               [32m[Kabs[m[K
[5.201s] [01m[K/home/ruben/workhop_rl/src/unitree_ros2_to_real/src/ros2_rl.cpp:389:62:[m[K [01;31m[Kerror: [m[Kexpected primary-expression before ‘[01m[Kfloat[m[K’
[5.201s]   389 |                             obs_msg.data[i] = obs[0][i].item<[01;31m[Kfloat[m[K>();
[5.201s]       |                                                              [01;31m[K^~~~~[m[K
[7.935s] gmake[2]: *** [CMakeFiles/ros2_rl.dir/build.make:76: CMakeFiles/ros2_rl.dir/src/ros2_rl.cpp.o] Error 1
[7.935s] gmake[1]: *** [CMakeFiles/Makefile2:251: CMakeFiles/ros2_rl.dir/all] Error 2
[7.936s] gmake: *** [Makefile:146: all] Error 2
[7.937s] Invoked command in '/home/ruben/workhop_rl/build/unitree_legged_real' returned '2': CMAKE_PREFIX_PATH=/home/ruben/workhop_rl/install/unitree_rl_controller:/home/ruben/workhop_rl/install/ros2_unitree_legged_msgs:/home/ruben/workhop_rl/install/unitree_legged_real:/opt/ros/humble LD_LIBRARY_PATH=/home/ruben/workhop_rl/install/unitree_rl_controller/lib:/home/ruben/workhop_rl/install/ros2_unitree_legged_msgs/lib:/home/ruben/workhop_rl/install/unitree_legged_real/lib:/usr/lib/x86_64-linux-gnu/gazebo-11/plugins:/opt/ros/humble/opt/rviz_ogre_vendor/lib:/opt/ros/humble/lib/x86_64-linux-gnu:/opt/ros/humble/lib:/usr/local/cuda-12.6/lib64:/home/ruben/workhop_rl/src/libtorch/lib/:/home/ruben/workhop_rl/src/libtorch/lib/:/home/ruben/libtorch/lib/ /usr/bin/cmake --build /home/ruben/workhop_rl/build/unitree_legged_real -- -j20 -l20
