-- The C compiler identification is GNU 11.4.0
-- The CXX compiler identification is GNU 11.4.0
-- Detecting C compiler ABI info
-- Detecting C compiler ABI info - done
-- Check for working C compiler: /usr/bin/cc - skipped
-- Detecting C compile features
-- Detecting C compile features - done
-- Detecting CXX compiler ABI info
-- Detecting CXX compiler ABI info - done
-- Check for working CXX compiler: /usr/bin/c++ - skipped
-- Detecting CXX compile features
-- Detecting CXX compile features - done
-- Found ament_cmake: 1.3.11 (/opt/ros/humble/share/ament_cmake/cmake)
-- Found Python3: /usr/bin/python3 (found version "3.10.12") found components: Interpreter 
-- Found rclcpp: 16.0.11 (/opt/ros/humble/share/rclcpp/cmake)
-- Found rosidl_generator_c: 3.1.6 (/opt/ros/humble/share/rosidl_generator_c/cmake)
-- Found rosidl_adapter: 3.1.6 (/opt/ros/humble/share/rosidl_adapter/cmake)
-- Found rosidl_generator_cpp: 3.1.6 (/opt/ros/humble/share/rosidl_generator_cpp/cmake)
-- Using all available rosidl_typesupport_c: rosidl_typesupport_fastrtps_c;rosidl_typesupport_introspection_c
-- Using all available rosidl_typesupport_cpp: rosidl_typesupport_fastrtps_cpp;rosidl_typesupport_introspection_cpp
-- Found rmw_implementation_cmake: 6.1.2 (/opt/ros/humble/share/rmw_implementation_cmake/cmake)
-- Found rmw_fastrtps_cpp: 6.2.7 (/opt/ros/humble/share/rmw_fastrtps_cpp/cmake)
-- Found OpenSSL: /usr/lib/x86_64-linux-gnu/libcrypto.so (found version "3.0.2")  
-- Found FastRTPS: /opt/ros/humble/include  
-- Using RMW implementation 'rmw_fastrtps_cpp' as default
-- Looking for pthread.h
-- Looking for pthread.h - found
-- Performing Test CMAKE_HAVE_LIBC_PTHREAD
-- Performing Test CMAKE_HAVE_LIBC_PTHREAD - Success
-- Found Threads: TRUE  
-- Found ros2_unitree_legged_msgs: 0.4.0 (/home/ruben/workhop_rl/install/ros2_unitree_legged_msgs/share/ros2_unitree_legged_msgs/cmake)
-- Found geometry_msgs: 4.2.4 (/opt/ros/humble/share/geometry_msgs/cmake)
-- Found nav_msgs: 4.2.4 (/opt/ros/humble/share/nav_msgs/cmake)
-- Found Torch: /home/ruben/workhop_rl/src/libtorch/lib/libtorch.so  
-- Configuring done
-- Generating done
-- Build files have been written to: /home/ruben/workhop_rl/build/unitree_rl_controller
[ 50%] [32mBuilding CXX object CMakeFiles/unitree_rl_controller.dir/src/rl_agent.cpp.o[0m
[01m[K/home/ruben/workhop_rl/src/unitree_rl_controller-ros2/src/rl_agent.cpp:[m[K In member function ‘[01m[Kvoid Agent::ReadYaml(std::string)[m[K’:
[01m[K/home/ruben/workhop_rl/src/unitree_rl_controller-ros2/src/rl_agent.cpp:270:102:[m[K [01;31m[Kerror: [m[Kno match for ‘[01m[Koperator=[m[K’ (operand types are ‘[01m[Kstd::vector<float, std::allocator<float> >[m[K’ and ‘[01m[Kstd::vector<double, std::allocator<double> >[m[K’)
  270 |         this->params.default_joint_angles = ReadVectorFromYaml<double>(config["default_joint_angles"][01;31m[K)[m[K;
      |                                                                                                      [01;31m[K^[m[K
In file included from [01m[K/usr/include/c++/11/vector:72[m[K,
                 from [01m[K/usr/include/c++/11/functional:62[m[K,
                 from [01m[K/home/ruben/workhop_rl/src/libtorch/include/c10/core/DeviceType.h:10[m[K,
                 from [01m[K/home/ruben/workhop_rl/src/libtorch/include/c10/core/Device.h:3[m[K,
                 from [01m[K/home/ruben/workhop_rl/src/libtorch/include/ATen/core/TensorBody.h:11[m[K,
                 from [01m[K/home/ruben/workhop_rl/src/libtorch/include/ATen/core/Tensor.h:3[m[K,
                 from [01m[K/home/ruben/workhop_rl/src/libtorch/include/ATen/Tensor.h:3[m[K,
                 from [01m[K/home/ruben/workhop_rl/src/libtorch/include/torch/csrc/autograd/function_hook.h:3[m[K,
                 from [01m[K/home/ruben/workhop_rl/src/libtorch/include/torch/csrc/autograd/cpp_hook.h:2[m[K,
                 from [01m[K/home/ruben/workhop_rl/src/libtorch/include/torch/csrc/autograd/variable.h:6[m[K,
                 from [01m[K/home/ruben/workhop_rl/src/libtorch/include/torch/csrc/autograd/autograd.h:3[m[K,
                 from [01m[K/home/ruben/workhop_rl/src/libtorch/include/torch/csrc/api/include/torch/autograd.h:3[m[K,
                 from [01m[K/home/ruben/workhop_rl/src/libtorch/include/torch/csrc/api/include/torch/all.h:7[m[K,
                 from [01m[K/home/ruben/workhop_rl/src/libtorch/include/torch/csrc/api/include/torch/torch.h:3[m[K,
                 from [01m[K/home/ruben/workhop_rl/src/unitree_rl_controller-ros2/src/rl_agent.cpp:1[m[K:
[01m[K/usr/include/c++/11/bits/vector.tcc:198:5:[m[K [01;36m[Knote: [m[Kcandidate: ‘[01m[Kstd::vector<_Tp, _Alloc>& std::vector<_Tp, _Alloc>::operator=(const std::vector<_Tp, _Alloc>&) [with _Tp = float; _Alloc = std::allocator<float>][m[K’
  198 |     [01;36m[Kvector<_Tp, _Alloc>[m[K::
      |     [01;36m[K^~~~~~~~~~~~~~~~~~~[m[K
[01m[K/usr/include/c++/11/bits/vector.tcc:199:42:[m[K [01;36m[Knote: [m[K  no known conversion for argument 1 from ‘[01m[Kstd::vector<double, std::allocator<double> >[m[K’ to ‘[01m[Kconst std::vector<float, std::allocator<float> >&[m[K’
  199 |     operator=([01;36m[Kconst vector<_Tp, _Alloc>& __x[m[K)
      |               [01;36m[K~~~~~~~~~~~~~~~~~~~~~~~~~~~^~~[m[K
In file included from [01m[K/usr/include/c++/11/vector:67[m[K,
                 from [01m[K/usr/include/c++/11/functional:62[m[K,
                 from [01m[K/home/ruben/workhop_rl/src/libtorch/include/c10/core/DeviceType.h:10[m[K,
                 from [01m[K/home/ruben/workhop_rl/src/libtorch/include/c10/core/Device.h:3[m[K,
                 from [01m[K/home/ruben/workhop_rl/src/libtorch/include/ATen/core/TensorBody.h:11[m[K,
                 from [01m[K/home/ruben/workhop_rl/src/libtorch/include/ATen/core/Tensor.h:3[m[K,
                 from [01m[K/home/ruben/workhop_rl/src/libtorch/include/ATen/Tensor.h:3[m[K,
                 from [01m[K/home/ruben/workhop_rl/src/libtorch/include/torch/csrc/autograd/function_hook.h:3[m[K,
                 from [01m[K/home/ruben/workhop_rl/src/libtorch/include/torch/csrc/autograd/cpp_hook.h:2[m[K,
                 from [01m[K/home/ruben/workhop_rl/src/libtorch/include/torch/csrc/autograd/variable.h:6[m[K,
                 from [01m[K/home/ruben/workhop_rl/src/libtorch/include/torch/csrc/autograd/autograd.h:3[m[K,
                 from [01m[K/home/ruben/workhop_rl/src/libtorch/include/torch/csrc/api/include/torch/autograd.h:3[m[K,
                 from [01m[K/home/ruben/workhop_rl/src/libtorch/include/torch/csrc/api/include/torch/all.h:7[m[K,
                 from [01m[K/home/ruben/workhop_rl/src/libtorch/include/torch/csrc/api/include/torch/torch.h:3[m[K,
                 from [01m[K/home/ruben/workhop_rl/src/unitree_rl_controller-ros2/src/rl_agent.cpp:1[m[K:
[01m[K/usr/include/c++/11/bits/stl_vector.h:709:7:[m[K [01;36m[Knote: [m[Kcandidate: ‘[01m[Kstd::vector<_Tp, _Alloc>& std::vector<_Tp, _Alloc>::operator=(std::vector<_Tp, _Alloc>&&) [with _Tp = float; _Alloc = std::allocator<float>][m[K’
  709 |       [01;36m[Koperator[m[K=(vector&& __x) noexcept(_Alloc_traits::_S_nothrow_move())
      |       [01;36m[K^~~~~~~~[m[K
[01m[K/usr/include/c++/11/bits/stl_vector.h:709:26:[m[K [01;36m[Knote: [m[K  no known conversion for argument 1 from ‘[01m[Kstd::vector<double, std::allocator<double> >[m[K’ to ‘[01m[Kstd::vector<float, std::allocator<float> >&&[m[K’
  709 |       operator=([01;36m[Kvector&& __x[m[K) noexcept(_Alloc_traits::_S_nothrow_move())
      |                 [01;36m[K~~~~~~~~~^~~[m[K
[01m[K/usr/include/c++/11/bits/stl_vector.h:730:7:[m[K [01;36m[Knote: [m[Kcandidate: ‘[01m[Kstd::vector<_Tp, _Alloc>& std::vector<_Tp, _Alloc>::operator=(std::initializer_list<_Tp>) [with _Tp = float; _Alloc = std::allocator<float>][m[K’
  730 |       [01;36m[Koperator[m[K=(initializer_list<value_type> __l)
      |       [01;36m[K^~~~~~~~[m[K
[01m[K/usr/include/c++/11/bits/stl_vector.h:730:46:[m[K [01;36m[Knote: [m[K  no known conversion for argument 1 from ‘[01m[Kstd::vector<double, std::allocator<double> >[m[K’ to ‘[01m[Kstd::initializer_list<float>[m[K’
  730 |       operator=([01;36m[Kinitializer_list<value_type> __l[m[K)
      |                 [01;36m[K~~~~~~~~~~~~~~~~~~~~~~~~~~~~~^~~[m[K
gmake[2]: *** [CMakeFiles/unitree_rl_controller.dir/build.make:76: CMakeFiles/unitree_rl_controller.dir/src/rl_agent.cpp.o] Error 1
gmake[1]: *** [CMakeFiles/Makefile2:137: CMakeFiles/unitree_rl_controller.dir/all] Error 2
gmake: *** [Makefile:146: all] Error 2
