[0.006s] Invoking command in '/home/ruben/workhop_rl/build/unitree_rl_controller': CMAKE_PREFIX_PATH=/home/ruben/workhop_rl/install/ros2_unitree_legged_msgs:/home/ruben/workhop_rl/install/unitree_legged_real:/home/ruben/workhop_rl/install/unitree_rl_controller:/opt/ros/humble LD_LIBRARY_PATH=/home/ruben/workhop_rl/install/ros2_unitree_legged_msgs/lib:/home/ruben/workhop_rl/install/unitree_legged_real/lib:/home/ruben/workhop_rl/install/unitree_rl_controller/lib:/usr/lib/x86_64-linux-gnu/gazebo-11/plugins:/opt/ros/humble/opt/rviz_ogre_vendor/lib:/opt/ros/humble/lib/x86_64-linux-gnu:/opt/ros/humble/lib:/usr/local/cuda-12.6/lib64:/home/ruben/workhop_rl/src/libtorch/lib/ /usr/bin/cmake /home/ruben/workhop_rl/src/unitree_rl_controller-ros2 -DCMAKE_INSTALL_PREFIX=/home/ruben/workhop_rl/install/unitree_rl_controller
[0.038s] -- The C compiler identification is GNU 11.4.0
[0.071s] -- The CXX compiler identification is GNU 11.4.0
[0.075s] -- Detecting C compiler ABI info
[0.120s] -- Detecting C compiler ABI info - done
[0.124s] -- Check for working C compiler: /usr/bin/cc - skipped
[0.124s] -- Detecting C compile features
[0.124s] -- Detecting C compile features - done
[0.125s] -- Detecting CXX compiler ABI info
[0.173s] -- Detecting CXX compiler ABI info - done
[0.177s] -- Check for working CXX compiler: /usr/bin/c++ - skipped
[0.177s] -- Detecting CXX compile features
[0.177s] -- Detecting CXX compile features - done
[0.178s] -- Found ament_cmake: 1.3.11 (/opt/ros/humble/share/ament_cmake/cmake)
[0.270s] -- Found Python3: /usr/bin/python3 (found version "3.10.12") found components: Interpreter 
[0.318s] -- Found rclcpp: 16.0.11 (/opt/ros/humble/share/rclcpp/cmake)
[0.338s] -- Found rosidl_generator_c: 3.1.6 (/opt/ros/humble/share/rosidl_generator_c/cmake)
[0.340s] -- Found rosidl_adapter: 3.1.6 (/opt/ros/humble/share/rosidl_adapter/cmake)
[0.343s] -- Found rosidl_generator_cpp: 3.1.6 (/opt/ros/humble/share/rosidl_generator_cpp/cmake)
[0.349s] -- Using all available rosidl_typesupport_c: rosidl_typesupport_fastrtps_c;rosidl_typesupport_introspection_c
[0.356s] -- Using all available rosidl_typesupport_cpp: rosidl_typesupport_fastrtps_cpp;rosidl_typesupport_introspection_cpp
[0.376s] -- Found rmw_implementation_cmake: 6.1.2 (/opt/ros/humble/share/rmw_implementation_cmake/cmake)
[0.377s] -- Found rmw_fastrtps_cpp: 6.2.7 (/opt/ros/humble/share/rmw_fastrtps_cpp/cmake)
[0.427s] -- Found OpenSSL: /usr/lib/x86_64-linux-gnu/libcrypto.so (found version "3.0.2")  
[0.442s] -- Found FastRTPS: /opt/ros/humble/include  
[0.465s] -- Using RMW implementation 'rmw_fastrtps_cpp' as default
[0.469s] -- Looking for pthread.h
[0.514s] -- Looking for pthread.h - found
[0.514s] -- Performing Test CMAKE_HAVE_LIBC_PTHREAD
[0.556s] -- Performing Test CMAKE_HAVE_LIBC_PTHREAD - Success
[0.556s] -- Found Threads: TRUE  
[0.580s] -- Found ros2_unitree_legged_msgs: 0.4.0 (/home/ruben/workhop_rl/install/ros2_unitree_legged_msgs/share/ros2_unitree_legged_msgs/cmake)
[0.584s] -- Found geometry_msgs: 4.2.4 (/opt/ros/humble/share/geometry_msgs/cmake)
[0.591s] -- Found nav_msgs: 4.2.4 (/opt/ros/humble/share/nav_msgs/cmake)
[0.616s] -- Found Torch: /home/ruben/workhop_rl/src/libtorch/lib/libtorch.so  
[0.650s] -- Configuring done
[0.654s] -- Generating done
[0.656s] -- Build files have been written to: /home/ruben/workhop_rl/build/unitree_rl_controller
[0.661s] Invoked command in '/home/ruben/workhop_rl/build/unitree_rl_controller' returned '0': CMAKE_PREFIX_PATH=/home/ruben/workhop_rl/install/ros2_unitree_legged_msgs:/home/ruben/workhop_rl/install/unitree_legged_real:/home/ruben/workhop_rl/install/unitree_rl_controller:/opt/ros/humble LD_LIBRARY_PATH=/home/ruben/workhop_rl/install/ros2_unitree_legged_msgs/lib:/home/ruben/workhop_rl/install/unitree_legged_real/lib:/home/ruben/workhop_rl/install/unitree_rl_controller/lib:/usr/lib/x86_64-linux-gnu/gazebo-11/plugins:/opt/ros/humble/opt/rviz_ogre_vendor/lib:/opt/ros/humble/lib/x86_64-linux-gnu:/opt/ros/humble/lib:/usr/local/cuda-12.6/lib64:/home/ruben/workhop_rl/src/libtorch/lib/ /usr/bin/cmake /home/ruben/workhop_rl/src/unitree_rl_controller-ros2 -DCMAKE_INSTALL_PREFIX=/home/ruben/workhop_rl/install/unitree_rl_controller
[0.662s] Invoking command in '/home/ruben/workhop_rl/build/unitree_rl_controller': CMAKE_PREFIX_PATH=/home/ruben/workhop_rl/install/ros2_unitree_legged_msgs:/home/ruben/workhop_rl/install/unitree_legged_real:/home/ruben/workhop_rl/install/unitree_rl_controller:/opt/ros/humble LD_LIBRARY_PATH=/home/ruben/workhop_rl/install/ros2_unitree_legged_msgs/lib:/home/ruben/workhop_rl/install/unitree_legged_real/lib:/home/ruben/workhop_rl/install/unitree_rl_controller/lib:/usr/lib/x86_64-linux-gnu/gazebo-11/plugins:/opt/ros/humble/opt/rviz_ogre_vendor/lib:/opt/ros/humble/lib/x86_64-linux-gnu:/opt/ros/humble/lib:/usr/local/cuda-12.6/lib64:/home/ruben/workhop_rl/src/libtorch/lib/ /usr/bin/cmake --build /home/ruben/workhop_rl/build/unitree_rl_controller -- -j20 -l20
[0.694s] [ 50%] [32mBuilding CXX object CMakeFiles/unitree_rl_controller.dir/src/rl_agent.cpp.o[0m
[4.660s] [01m[K/home/ruben/workhop_rl/src/unitree_rl_controller-ros2/src/rl_agent.cpp:[m[K In member function ‘[01m[Kvoid Agent::ReadYaml(std::string)[m[K’:
[4.660s] [01m[K/home/ruben/workhop_rl/src/unitree_rl_controller-ros2/src/rl_agent.cpp:270:102:[m[K [01;31m[Kerror: [m[Kno match for ‘[01m[Koperator=[m[K’ (operand types are ‘[01m[Kstd::vector<float, std::allocator<float> >[m[K’ and ‘[01m[Kstd::vector<double, std::allocator<double> >[m[K’)
[4.660s]   270 |         this->params.default_joint_angles = ReadVectorFromYaml<double>(config["default_joint_angles"][01;31m[K)[m[K;
[4.660s]       |                                                                                                      [01;31m[K^[m[K
[4.660s] In file included from [01m[K/usr/include/c++/11/vector:72[m[K,
[4.660s]                  from [01m[K/usr/include/c++/11/functional:62[m[K,
[4.660s]                  from [01m[K/home/ruben/workhop_rl/src/libtorch/include/c10/core/DeviceType.h:10[m[K,
[4.660s]                  from [01m[K/home/ruben/workhop_rl/src/libtorch/include/c10/core/Device.h:3[m[K,
[4.660s]                  from [01m[K/home/ruben/workhop_rl/src/libtorch/include/ATen/core/TensorBody.h:11[m[K,
[4.660s]                  from [01m[K/home/ruben/workhop_rl/src/libtorch/include/ATen/core/Tensor.h:3[m[K,
[4.660s]                  from [01m[K/home/ruben/workhop_rl/src/libtorch/include/ATen/Tensor.h:3[m[K,
[4.660s]                  from [01m[K/home/ruben/workhop_rl/src/libtorch/include/torch/csrc/autograd/function_hook.h:3[m[K,
[4.660s]                  from [01m[K/home/ruben/workhop_rl/src/libtorch/include/torch/csrc/autograd/cpp_hook.h:2[m[K,
[4.660s]                  from [01m[K/home/ruben/workhop_rl/src/libtorch/include/torch/csrc/autograd/variable.h:6[m[K,
[4.660s]                  from [01m[K/home/ruben/workhop_rl/src/libtorch/include/torch/csrc/autograd/autograd.h:3[m[K,
[4.660s]                  from [01m[K/home/ruben/workhop_rl/src/libtorch/include/torch/csrc/api/include/torch/autograd.h:3[m[K,
[4.660s]                  from [01m[K/home/ruben/workhop_rl/src/libtorch/include/torch/csrc/api/include/torch/all.h:7[m[K,
[4.660s]                  from [01m[K/home/ruben/workhop_rl/src/libtorch/include/torch/csrc/api/include/torch/torch.h:3[m[K,
[4.660s]                  from [01m[K/home/ruben/workhop_rl/src/unitree_rl_controller-ros2/src/rl_agent.cpp:1[m[K:
[4.660s] [01m[K/usr/include/c++/11/bits/vector.tcc:198:5:[m[K [01;36m[Knote: [m[Kcandidate: ‘[01m[Kstd::vector<_Tp, _Alloc>& std::vector<_Tp, _Alloc>::operator=(const std::vector<_Tp, _Alloc>&) [with _Tp = float; _Alloc = std::allocator<float>][m[K’
[4.660s]   198 |     [01;36m[Kvector<_Tp, _Alloc>[m[K::
[4.660s]       |     [01;36m[K^~~~~~~~~~~~~~~~~~~[m[K
[4.661s] [01m[K/usr/include/c++/11/bits/vector.tcc:199:42:[m[K [01;36m[Knote: [m[K  no known conversion for argument 1 from ‘[01m[Kstd::vector<double, std::allocator<double> >[m[K’ to ‘[01m[Kconst std::vector<float, std::allocator<float> >&[m[K’
[4.661s]   199 |     operator=([01;36m[Kconst vector<_Tp, _Alloc>& __x[m[K)
[4.661s]       |               [01;36m[K~~~~~~~~~~~~~~~~~~~~~~~~~~~^~~[m[K
[4.661s] In file included from [01m[K/usr/include/c++/11/vector:67[m[K,
[4.661s]                  from [01m[K/usr/include/c++/11/functional:62[m[K,
[4.661s]                  from [01m[K/home/ruben/workhop_rl/src/libtorch/include/c10/core/DeviceType.h:10[m[K,
[4.661s]                  from [01m[K/home/ruben/workhop_rl/src/libtorch/include/c10/core/Device.h:3[m[K,
[4.661s]                  from [01m[K/home/ruben/workhop_rl/src/libtorch/include/ATen/core/TensorBody.h:11[m[K,
[4.661s]                  from [01m[K/home/ruben/workhop_rl/src/libtorch/include/ATen/core/Tensor.h:3[m[K,
[4.661s]                  from [01m[K/home/ruben/workhop_rl/src/libtorch/include/ATen/Tensor.h:3[m[K,
[4.661s]                  from [01m[K/home/ruben/workhop_rl/src/libtorch/include/torch/csrc/autograd/function_hook.h:3[m[K,
[4.661s]                  from [01m[K/home/ruben/workhop_rl/src/libtorch/include/torch/csrc/autograd/cpp_hook.h:2[m[K,
[4.661s]                  from [01m[K/home/ruben/workhop_rl/src/libtorch/include/torch/csrc/autograd/variable.h:6[m[K,
[4.661s]                  from [01m[K/home/ruben/workhop_rl/src/libtorch/include/torch/csrc/autograd/autograd.h:3[m[K,
[4.661s]                  from [01m[K/home/ruben/workhop_rl/src/libtorch/include/torch/csrc/api/include/torch/autograd.h:3[m[K,
[4.661s]                  from [01m[K/home/ruben/workhop_rl/src/libtorch/include/torch/csrc/api/include/torch/all.h:7[m[K,
[4.661s]                  from [01m[K/home/ruben/workhop_rl/src/libtorch/include/torch/csrc/api/include/torch/torch.h:3[m[K,
[4.661s]                  from [01m[K/home/ruben/workhop_rl/src/unitree_rl_controller-ros2/src/rl_agent.cpp:1[m[K:
[4.661s] [01m[K/usr/include/c++/11/bits/stl_vector.h:709:7:[m[K [01;36m[Knote: [m[Kcandidate: ‘[01m[Kstd::vector<_Tp, _Alloc>& std::vector<_Tp, _Alloc>::operator=(std::vector<_Tp, _Alloc>&&) [with _Tp = float; _Alloc = std::allocator<float>][m[K’
[4.661s]   709 |       [01;36m[Koperator[m[K=(vector&& __x) noexcept(_Alloc_traits::_S_nothrow_move())
[4.661s]       |       [01;36m[K^~~~~~~~[m[K
[4.661s] [01m[K/usr/include/c++/11/bits/stl_vector.h:709:26:[m[K [01;36m[Knote: [m[K  no known conversion for argument 1 from ‘[01m[Kstd::vector<double, std::allocator<double> >[m[K’ to ‘[01m[Kstd::vector<float, std::allocator<float> >&&[m[K’
[4.661s]   709 |       operator=([01;36m[Kvector&& __x[m[K) noexcept(_Alloc_traits::_S_nothrow_move())
[4.661s]       |                 [01;36m[K~~~~~~~~~^~~[m[K
[4.661s] [01m[K/usr/include/c++/11/bits/stl_vector.h:730:7:[m[K [01;36m[Knote: [m[Kcandidate: ‘[01m[Kstd::vector<_Tp, _Alloc>& std::vector<_Tp, _Alloc>::operator=(std::initializer_list<_Tp>) [with _Tp = float; _Alloc = std::allocator<float>][m[K’
[4.661s]   730 |       [01;36m[Koperator[m[K=(initializer_list<value_type> __l)
[4.661s]       |       [01;36m[K^~~~~~~~[m[K
[4.661s] [01m[K/usr/include/c++/11/bits/stl_vector.h:730:46:[m[K [01;36m[Knote: [m[K  no known conversion for argument 1 from ‘[01m[Kstd::vector<double, std::allocator<double> >[m[K’ to ‘[01m[Kstd::initializer_list<float>[m[K’
[4.661s]   730 |       operator=([01;36m[Kinitializer_list<value_type> __l[m[K)
[4.661s]       |                 [01;36m[K~~~~~~~~~~~~~~~~~~~~~~~~~~~~~^~~[m[K
[6.438s] gmake[2]: *** [CMakeFiles/unitree_rl_controller.dir/build.make:76: CMakeFiles/unitree_rl_controller.dir/src/rl_agent.cpp.o] Error 1
[6.438s] gmake[1]: *** [CMakeFiles/Makefile2:137: CMakeFiles/unitree_rl_controller.dir/all] Error 2
[6.438s] gmake: *** [Makefile:146: all] Error 2
[6.440s] Invoked command in '/home/ruben/workhop_rl/build/unitree_rl_controller' returned '2': CMAKE_PREFIX_PATH=/home/ruben/workhop_rl/install/ros2_unitree_legged_msgs:/home/ruben/workhop_rl/install/unitree_legged_real:/home/ruben/workhop_rl/install/unitree_rl_controller:/opt/ros/humble LD_LIBRARY_PATH=/home/ruben/workhop_rl/install/ros2_unitree_legged_msgs/lib:/home/ruben/workhop_rl/install/unitree_legged_real/lib:/home/ruben/workhop_rl/install/unitree_rl_controller/lib:/usr/lib/x86_64-linux-gnu/gazebo-11/plugins:/opt/ros/humble/opt/rviz_ogre_vendor/lib:/opt/ros/humble/lib/x86_64-linux-gnu:/opt/ros/humble/lib:/usr/local/cuda-12.6/lib64:/home/ruben/workhop_rl/src/libtorch/lib/ /usr/bin/cmake --build /home/ruben/workhop_rl/build/unitree_rl_controller -- -j20 -l20
