[0.049s] DEBUG:colcon:Command line arguments: ['/usr/bin/colcon', 'build']
[0.049s] DEBUG:colcon:Parsed command line arguments: Namespace(log_base=None, log_level=None, verb_name='build', build_base='build', install_base='install', merge_install=False, symlink_install=False, test_result_base=None, continue_on_error=False, executor='parallel', parallel_workers=20, event_handlers=None, ignore_user_meta=False, metas=['./colcon.meta'], base_paths=['.'], packages_ignore=None, packages_ignore_regex=None, paths=None, packages_up_to=None, packages_up_to_regex=None, packages_above=None, packages_above_and_dependencies=None, packages_above_depth=None, packages_select_by_dep=None, packages_skip_by_dep=None, packages_skip_up_to=None, packages_select_build_failed=False, packages_skip_build_finished=False, packages_select_test_failures=False, packages_skip_test_passed=False, packages_select=None, packages_skip=None, packages_select_regex=None, packages_skip_regex=None, packages_start=None, packages_end=None, allow_overriding=[], cmake_args=None, cmake_target=None, cmake_target_skip_unavailable=False, cmake_clean_cache=False, cmake_clean_first=False, cmake_force_configure=False, ament_cmake_args=None, catkin_cmake_args=None, catkin_skip_building_tests=False, mixin_files=None, mixin=None, verb_parser=<colcon_mixin.mixin.mixin_argument.MixinArgumentDecorator object at 0x7c10fbc5d600>, verb_extension=<colcon_core.verb.build.BuildVerb object at 0x7c10fbc5d090>, main=<bound method BuildVerb.main of <colcon_core.verb.build.BuildVerb object at 0x7c10fbc5d090>>, mixin_verb=('build',))
[0.120s] Level 1:colcon.colcon_core.package_discovery:discover_packages(colcon_meta) check parameters
[0.120s] Level 1:colcon.colcon_core.package_discovery:discover_packages(recursive) check parameters
[0.120s] Level 1:colcon.colcon_core.package_discovery:discover_packages(ignore) check parameters
[0.120s] Level 1:colcon.colcon_core.package_discovery:discover_packages(path) check parameters
[0.120s] Level 1:colcon.colcon_core.package_discovery:discover_packages(colcon_meta) discover
[0.120s] Level 1:colcon.colcon_core.package_discovery:discover_packages(recursive) discover
[0.120s] INFO:colcon.colcon_core.package_discovery:Crawling recursively for packages in '/home/ruben/workhop_rl'
[0.120s] Level 1:colcon.colcon_core.package_identification:_identify(.) by extensions ['ignore', 'ignore_ament_install']
[0.120s] Level 1:colcon.colcon_core.package_identification:_identify(.) by extension 'ignore'
[0.120s] Level 1:colcon.colcon_core.package_identification:_identify(.) by extension 'ignore_ament_install'
[0.120s] Level 1:colcon.colcon_core.package_identification:_identify(.) by extensions ['colcon_pkg']
[0.120s] Level 1:colcon.colcon_core.package_identification:_identify(.) by extension 'colcon_pkg'
[0.120s] Level 1:colcon.colcon_core.package_identification:_identify(.) by extensions ['colcon_meta']
[0.120s] Level 1:colcon.colcon_core.package_identification:_identify(.) by extension 'colcon_meta'
[0.120s] Level 1:colcon.colcon_core.package_identification:_identify(.) by extensions ['ros']
[0.120s] Level 1:colcon.colcon_core.package_identification:_identify(.) by extension 'ros'
[0.125s] Level 1:colcon.colcon_core.package_identification:_identify(.) by extensions ['cmake', 'python']
[0.125s] Level 1:colcon.colcon_core.package_identification:_identify(.) by extension 'cmake'
[0.125s] Level 1:colcon.colcon_core.package_identification:_identify(.) by extension 'python'
[0.125s] Level 1:colcon.colcon_core.package_identification:_identify(.) by extensions ['python_setup_py']
[0.125s] Level 1:colcon.colcon_core.package_identification:_identify(.) by extension 'python_setup_py'
[0.125s] Level 1:colcon.colcon_core.package_identification:_identify(build) by extensions ['ignore', 'ignore_ament_install']
[0.126s] Level 1:colcon.colcon_core.package_identification:_identify(build) by extension 'ignore'
[0.126s] Level 1:colcon.colcon_core.package_identification:_identify(build) ignored
[0.126s] Level 1:colcon.colcon_core.package_identification:_identify(install) by extensions ['ignore', 'ignore_ament_install']
[0.126s] Level 1:colcon.colcon_core.package_identification:_identify(install) by extension 'ignore'
[0.126s] Level 1:colcon.colcon_core.package_identification:_identify(install) ignored
[0.126s] Level 1:colcon.colcon_core.package_identification:_identify(log) by extensions ['ignore', 'ignore_ament_install']
[0.126s] Level 1:colcon.colcon_core.package_identification:_identify(log) by extension 'ignore'
[0.126s] Level 1:colcon.colcon_core.package_identification:_identify(log) ignored
[0.126s] Level 1:colcon.colcon_core.package_identification:_identify(src) by extensions ['ignore', 'ignore_ament_install']
[0.126s] Level 1:colcon.colcon_core.package_identification:_identify(src) by extension 'ignore'
[0.126s] Level 1:colcon.colcon_core.package_identification:_identify(src) by extension 'ignore_ament_install'
[0.126s] Level 1:colcon.colcon_core.package_identification:_identify(src) by extensions ['colcon_pkg']
[0.126s] Level 1:colcon.colcon_core.package_identification:_identify(src) by extension 'colcon_pkg'
[0.126s] Level 1:colcon.colcon_core.package_identification:_identify(src) by extensions ['colcon_meta']
[0.126s] Level 1:colcon.colcon_core.package_identification:_identify(src) by extension 'colcon_meta'
[0.126s] Level 1:colcon.colcon_core.package_identification:_identify(src) by extensions ['ros']
[0.126s] Level 1:colcon.colcon_core.package_identification:_identify(src) by extension 'ros'
[0.126s] Level 1:colcon.colcon_core.package_identification:_identify(src) by extensions ['cmake', 'python']
[0.126s] Level 1:colcon.colcon_core.package_identification:_identify(src) by extension 'cmake'
[0.126s] Level 1:colcon.colcon_core.package_identification:_identify(src) by extension 'python'
[0.126s] Level 1:colcon.colcon_core.package_identification:_identify(src) by extensions ['python_setup_py']
[0.126s] Level 1:colcon.colcon_core.package_identification:_identify(src) by extension 'python_setup_py'
[0.126s] Level 1:colcon.colcon_core.package_identification:_identify(src/ros2_unitree_legged_msgs) by extensions ['ignore', 'ignore_ament_install']
[0.126s] Level 1:colcon.colcon_core.package_identification:_identify(src/ros2_unitree_legged_msgs) by extension 'ignore'
[0.126s] Level 1:colcon.colcon_core.package_identification:_identify(src/ros2_unitree_legged_msgs) by extension 'ignore_ament_install'
[0.126s] Level 1:colcon.colcon_core.package_identification:_identify(src/ros2_unitree_legged_msgs) by extensions ['colcon_pkg']
[0.126s] Level 1:colcon.colcon_core.package_identification:_identify(src/ros2_unitree_legged_msgs) by extension 'colcon_pkg'
[0.126s] Level 1:colcon.colcon_core.package_identification:_identify(src/ros2_unitree_legged_msgs) by extensions ['colcon_meta']
[0.126s] Level 1:colcon.colcon_core.package_identification:_identify(src/ros2_unitree_legged_msgs) by extension 'colcon_meta'
[0.126s] Level 1:colcon.colcon_core.package_identification:_identify(src/ros2_unitree_legged_msgs) by extensions ['ros']
[0.126s] Level 1:colcon.colcon_core.package_identification:_identify(src/ros2_unitree_legged_msgs) by extension 'ros'
[0.127s] DEBUG:colcon.colcon_core.package_identification:Package 'src/ros2_unitree_legged_msgs' with type 'ros.ament_cmake' and name 'ros2_unitree_legged_msgs'
[0.127s] Level 1:colcon.colcon_core.package_identification:_identify(src/unitree_rl_controller-ros2) by extensions ['ignore', 'ignore_ament_install']
[0.127s] Level 1:colcon.colcon_core.package_identification:_identify(src/unitree_rl_controller-ros2) by extension 'ignore'
[0.127s] Level 1:colcon.colcon_core.package_identification:_identify(src/unitree_rl_controller-ros2) by extension 'ignore_ament_install'
[0.127s] Level 1:colcon.colcon_core.package_identification:_identify(src/unitree_rl_controller-ros2) by extensions ['colcon_pkg']
[0.128s] Level 1:colcon.colcon_core.package_identification:_identify(src/unitree_rl_controller-ros2) by extension 'colcon_pkg'
[0.128s] Level 1:colcon.colcon_core.package_identification:_identify(src/unitree_rl_controller-ros2) by extensions ['colcon_meta']
[0.128s] Level 1:colcon.colcon_core.package_identification:_identify(src/unitree_rl_controller-ros2) by extension 'colcon_meta'
[0.128s] Level 1:colcon.colcon_core.package_identification:_identify(src/unitree_rl_controller-ros2) by extensions ['ros']
[0.128s] Level 1:colcon.colcon_core.package_identification:_identify(src/unitree_rl_controller-ros2) by extension 'ros'
[0.128s] DEBUG:colcon.colcon_core.package_identification:Package 'src/unitree_rl_controller-ros2' with type 'ros.ament_cmake' and name 'unitree_rl_controller'
[0.128s] Level 1:colcon.colcon_core.package_identification:_identify(src/unitree_ros2_to_real) by extensions ['ignore', 'ignore_ament_install']
[0.128s] Level 1:colcon.colcon_core.package_identification:_identify(src/unitree_ros2_to_real) by extension 'ignore'
[0.128s] Level 1:colcon.colcon_core.package_identification:_identify(src/unitree_ros2_to_real) by extension 'ignore_ament_install'
[0.128s] Level 1:colcon.colcon_core.package_identification:_identify(src/unitree_ros2_to_real) by extensions ['colcon_pkg']
[0.128s] Level 1:colcon.colcon_core.package_identification:_identify(src/unitree_ros2_to_real) by extension 'colcon_pkg'
[0.128s] Level 1:colcon.colcon_core.package_identification:_identify(src/unitree_ros2_to_real) by extensions ['colcon_meta']
[0.128s] Level 1:colcon.colcon_core.package_identification:_identify(src/unitree_ros2_to_real) by extension 'colcon_meta'
[0.128s] Level 1:colcon.colcon_core.package_identification:_identify(src/unitree_ros2_to_real) by extensions ['ros']
[0.128s] Level 1:colcon.colcon_core.package_identification:_identify(src/unitree_ros2_to_real) by extension 'ros'
[0.129s] DEBUG:colcon.colcon_core.package_identification:Package 'src/unitree_ros2_to_real' with type 'ros.ament_cmake' and name 'unitree_legged_real'
[0.129s] Level 1:colcon.colcon_core.package_discovery:discover_packages(recursive) using defaults
[0.129s] Level 1:colcon.colcon_core.package_discovery:discover_packages(ignore) discover
[0.129s] Level 1:colcon.colcon_core.package_discovery:discover_packages(ignore) using defaults
[0.129s] Level 1:colcon.colcon_core.package_discovery:discover_packages(path) discover
[0.129s] Level 1:colcon.colcon_core.package_discovery:discover_packages(path) using defaults
[0.144s] Level 1:colcon.colcon_core.package_discovery:discover_packages(prefix_path) check parameters
[0.144s] Level 1:colcon.colcon_core.package_discovery:discover_packages(prefix_path) discover
[0.145s] DEBUG:colcon.colcon_installed_package_information.package_discovery:Found 3 installed packages in /home/ruben/workhop_rl/install
[0.145s] DEBUG:colcon.colcon_installed_package_information.package_discovery:Found 319 installed packages in /opt/ros/humble
[0.146s] Level 1:colcon.colcon_core.package_discovery:discover_packages(prefix_path) using defaults
[0.164s] Level 5:colcon.colcon_core.verb:set package 'ros2_unitree_legged_msgs' build argument 'cmake_args' from command line to 'None'
[0.164s] Level 5:colcon.colcon_core.verb:set package 'ros2_unitree_legged_msgs' build argument 'cmake_target' from command line to 'None'
[0.164s] Level 5:colcon.colcon_core.verb:set package 'ros2_unitree_legged_msgs' build argument 'cmake_target_skip_unavailable' from command line to 'False'
[0.164s] Level 5:colcon.colcon_core.verb:set package 'ros2_unitree_legged_msgs' build argument 'cmake_clean_cache' from command line to 'False'
[0.164s] Level 5:colcon.colcon_core.verb:set package 'ros2_unitree_legged_msgs' build argument 'cmake_clean_first' from command line to 'False'
[0.164s] Level 5:colcon.colcon_core.verb:set package 'ros2_unitree_legged_msgs' build argument 'cmake_force_configure' from command line to 'False'
[0.164s] Level 5:colcon.colcon_core.verb:set package 'ros2_unitree_legged_msgs' build argument 'ament_cmake_args' from command line to 'None'
[0.164s] Level 5:colcon.colcon_core.verb:set package 'ros2_unitree_legged_msgs' build argument 'catkin_cmake_args' from command line to 'None'
[0.164s] Level 5:colcon.colcon_core.verb:set package 'ros2_unitree_legged_msgs' build argument 'catkin_skip_building_tests' from command line to 'False'
[0.164s] DEBUG:colcon.colcon_core.verb:Building package 'ros2_unitree_legged_msgs' with the following arguments: {'ament_cmake_args': None, 'build_base': '/home/ruben/workhop_rl/build/ros2_unitree_legged_msgs', 'catkin_cmake_args': None, 'catkin_skip_building_tests': False, 'cmake_args': None, 'cmake_clean_cache': False, 'cmake_clean_first': False, 'cmake_force_configure': False, 'cmake_target': None, 'cmake_target_skip_unavailable': False, 'install_base': '/home/ruben/workhop_rl/install/ros2_unitree_legged_msgs', 'merge_install': False, 'path': '/home/ruben/workhop_rl/src/ros2_unitree_legged_msgs', 'symlink_install': False, 'test_result_base': None}
[0.164s] Level 5:colcon.colcon_core.verb:set package 'unitree_rl_controller' build argument 'cmake_args' from command line to 'None'
[0.164s] Level 5:colcon.colcon_core.verb:set package 'unitree_rl_controller' build argument 'cmake_target' from command line to 'None'
[0.164s] Level 5:colcon.colcon_core.verb:set package 'unitree_rl_controller' build argument 'cmake_target_skip_unavailable' from command line to 'False'
[0.164s] Level 5:colcon.colcon_core.verb:set package 'unitree_rl_controller' build argument 'cmake_clean_cache' from command line to 'False'
[0.164s] Level 5:colcon.colcon_core.verb:set package 'unitree_rl_controller' build argument 'cmake_clean_first' from command line to 'False'
[0.164s] Level 5:colcon.colcon_core.verb:set package 'unitree_rl_controller' build argument 'cmake_force_configure' from command line to 'False'
[0.164s] Level 5:colcon.colcon_core.verb:set package 'unitree_rl_controller' build argument 'ament_cmake_args' from command line to 'None'
[0.164s] Level 5:colcon.colcon_core.verb:set package 'unitree_rl_controller' build argument 'catkin_cmake_args' from command line to 'None'
[0.164s] Level 5:colcon.colcon_core.verb:set package 'unitree_rl_controller' build argument 'catkin_skip_building_tests' from command line to 'False'
[0.164s] DEBUG:colcon.colcon_core.verb:Building package 'unitree_rl_controller' with the following arguments: {'ament_cmake_args': None, 'build_base': '/home/ruben/workhop_rl/build/unitree_rl_controller', 'catkin_cmake_args': None, 'catkin_skip_building_tests': False, 'cmake_args': None, 'cmake_clean_cache': False, 'cmake_clean_first': False, 'cmake_force_configure': False, 'cmake_target': None, 'cmake_target_skip_unavailable': False, 'install_base': '/home/ruben/workhop_rl/install/unitree_rl_controller', 'merge_install': False, 'path': '/home/ruben/workhop_rl/src/unitree_rl_controller-ros2', 'symlink_install': False, 'test_result_base': None}
[0.164s] Level 5:colcon.colcon_core.verb:set package 'unitree_legged_real' build argument 'cmake_args' from command line to 'None'
[0.164s] Level 5:colcon.colcon_core.verb:set package 'unitree_legged_real' build argument 'cmake_target' from command line to 'None'
[0.164s] Level 5:colcon.colcon_core.verb:set package 'unitree_legged_real' build argument 'cmake_target_skip_unavailable' from command line to 'False'
[0.164s] Level 5:colcon.colcon_core.verb:set package 'unitree_legged_real' build argument 'cmake_clean_cache' from command line to 'False'
[0.164s] Level 5:colcon.colcon_core.verb:set package 'unitree_legged_real' build argument 'cmake_clean_first' from command line to 'False'
[0.164s] Level 5:colcon.colcon_core.verb:set package 'unitree_legged_real' build argument 'cmake_force_configure' from command line to 'False'
[0.164s] Level 5:colcon.colcon_core.verb:set package 'unitree_legged_real' build argument 'ament_cmake_args' from command line to 'None'
[0.164s] Level 5:colcon.colcon_core.verb:set package 'unitree_legged_real' build argument 'catkin_cmake_args' from command line to 'None'
[0.164s] Level 5:colcon.colcon_core.verb:set package 'unitree_legged_real' build argument 'catkin_skip_building_tests' from command line to 'False'
[0.164s] DEBUG:colcon.colcon_core.verb:Building package 'unitree_legged_real' with the following arguments: {'ament_cmake_args': None, 'build_base': '/home/ruben/workhop_rl/build/unitree_legged_real', 'catkin_cmake_args': None, 'catkin_skip_building_tests': False, 'cmake_args': None, 'cmake_clean_cache': False, 'cmake_clean_first': False, 'cmake_force_configure': False, 'cmake_target': None, 'cmake_target_skip_unavailable': False, 'install_base': '/home/ruben/workhop_rl/install/unitree_legged_real', 'merge_install': False, 'path': '/home/ruben/workhop_rl/src/unitree_ros2_to_real', 'symlink_install': False, 'test_result_base': None}
[0.164s] INFO:colcon.colcon_core.executor:Executing jobs using 'parallel' executor
[0.165s] DEBUG:colcon.colcon_parallel_executor.executor.parallel:run_until_complete
[0.165s] INFO:colcon.colcon_ros.task.ament_cmake.build:Building ROS package in '/home/ruben/workhop_rl/src/ros2_unitree_legged_msgs' with build type 'ament_cmake'
[0.165s] INFO:colcon.colcon_cmake.task.cmake.build:Building CMake package in '/home/ruben/workhop_rl/src/ros2_unitree_legged_msgs'
[0.166s] INFO:colcon.colcon_core.plugin_system:Skipping extension 'colcon_core.shell.bat': Not used on non-Windows systems
[0.166s] INFO:colcon.colcon_core.shell:Skip shell extension 'powershell' for command environment: Not usable outside of PowerShell
[0.166s] DEBUG:colcon.colcon_core.shell:Skip shell extension 'dsv' for command environment
[0.171s] DEBUG:colcon.colcon_core.event_handler.log_command:Invoking command in '/home/ruben/workhop_rl/build/ros2_unitree_legged_msgs': CMAKE_PREFIX_PATH=${CMAKE_PREFIX_PATH}:/opt/ros/humble /usr/bin/cmake --build /home/ruben/workhop_rl/build/ros2_unitree_legged_msgs -- -j20 -l20
[0.345s] DEBUG:colcon.colcon_core.event_handler.log_command:Invoked command in '/home/ruben/workhop_rl/build/ros2_unitree_legged_msgs' returned '0': CMAKE_PREFIX_PATH=${CMAKE_PREFIX_PATH}:/opt/ros/humble /usr/bin/cmake --build /home/ruben/workhop_rl/build/ros2_unitree_legged_msgs -- -j20 -l20
[0.352s] DEBUG:colcon.colcon_core.event_handler.log_command:Invoking command in '/home/ruben/workhop_rl/build/ros2_unitree_legged_msgs': CMAKE_PREFIX_PATH=${CMAKE_PREFIX_PATH}:/opt/ros/humble /usr/bin/cmake --install /home/ruben/workhop_rl/build/ros2_unitree_legged_msgs
[0.380s] Level 1:colcon.colcon_core.environment:create_environment_scripts_only(ros2_unitree_legged_msgs)
[0.380s] DEBUG:colcon.colcon_core.event_handler.log_command:Invoked command in '/home/ruben/workhop_rl/build/ros2_unitree_legged_msgs' returned '0': CMAKE_PREFIX_PATH=${CMAKE_PREFIX_PATH}:/opt/ros/humble /usr/bin/cmake --install /home/ruben/workhop_rl/build/ros2_unitree_legged_msgs
[0.382s] Level 1:colcon.colcon_core.environment:checking '/home/ruben/workhop_rl/install/ros2_unitree_legged_msgs' for CMake module files
[0.383s] Level 1:colcon.colcon_core.environment:checking '/home/ruben/workhop_rl/install/ros2_unitree_legged_msgs' for CMake config files
[0.383s] Level 1:colcon.colcon_core.shell:create_environment_hook('ros2_unitree_legged_msgs', 'cmake_prefix_path')
[0.383s] INFO:colcon.colcon_core.shell:Creating environment hook '/home/ruben/workhop_rl/install/ros2_unitree_legged_msgs/share/ros2_unitree_legged_msgs/hook/cmake_prefix_path.ps1'
[0.384s] INFO:colcon.colcon_core.shell:Creating environment descriptor '/home/ruben/workhop_rl/install/ros2_unitree_legged_msgs/share/ros2_unitree_legged_msgs/hook/cmake_prefix_path.dsv'
[0.384s] INFO:colcon.colcon_core.shell:Creating environment hook '/home/ruben/workhop_rl/install/ros2_unitree_legged_msgs/share/ros2_unitree_legged_msgs/hook/cmake_prefix_path.sh'
[0.385s] Level 1:colcon.colcon_core.environment:checking '/home/ruben/workhop_rl/install/ros2_unitree_legged_msgs/lib'
[0.385s] Level 1:colcon.colcon_core.shell:create_environment_hook('ros2_unitree_legged_msgs', 'ld_library_path_lib')
[0.385s] INFO:colcon.colcon_core.shell:Creating environment hook '/home/ruben/workhop_rl/install/ros2_unitree_legged_msgs/share/ros2_unitree_legged_msgs/hook/ld_library_path_lib.ps1'
[0.385s] INFO:colcon.colcon_core.shell:Creating environment descriptor '/home/ruben/workhop_rl/install/ros2_unitree_legged_msgs/share/ros2_unitree_legged_msgs/hook/ld_library_path_lib.dsv'
[0.386s] INFO:colcon.colcon_core.shell:Creating environment hook '/home/ruben/workhop_rl/install/ros2_unitree_legged_msgs/share/ros2_unitree_legged_msgs/hook/ld_library_path_lib.sh'
[0.386s] Level 1:colcon.colcon_core.environment:checking '/home/ruben/workhop_rl/install/ros2_unitree_legged_msgs/bin'
[0.386s] Level 1:colcon.colcon_core.environment:checking '/home/ruben/workhop_rl/install/ros2_unitree_legged_msgs/lib/pkgconfig/ros2_unitree_legged_msgs.pc'
[0.386s] Level 1:colcon.colcon_core.environment:checking '/home/ruben/workhop_rl/install/ros2_unitree_legged_msgs/lib/python3.10/site-packages'
[0.386s] Level 1:colcon.colcon_core.environment:checking '/home/ruben/workhop_rl/install/ros2_unitree_legged_msgs/bin'
[0.387s] INFO:colcon.colcon_core.shell:Creating package script '/home/ruben/workhop_rl/install/ros2_unitree_legged_msgs/share/ros2_unitree_legged_msgs/package.ps1'
[0.387s] INFO:colcon.colcon_core.shell:Creating package descriptor '/home/ruben/workhop_rl/install/ros2_unitree_legged_msgs/share/ros2_unitree_legged_msgs/package.dsv'
[0.387s] INFO:colcon.colcon_core.shell:Creating package script '/home/ruben/workhop_rl/install/ros2_unitree_legged_msgs/share/ros2_unitree_legged_msgs/package.sh'
[0.388s] INFO:colcon.colcon_core.shell:Creating package script '/home/ruben/workhop_rl/install/ros2_unitree_legged_msgs/share/ros2_unitree_legged_msgs/package.bash'
[0.388s] INFO:colcon.colcon_core.shell:Creating package script '/home/ruben/workhop_rl/install/ros2_unitree_legged_msgs/share/ros2_unitree_legged_msgs/package.zsh'
[0.388s] Level 1:colcon.colcon_core.environment:create_file_with_runtime_dependencies(/home/ruben/workhop_rl/install/ros2_unitree_legged_msgs/share/colcon-core/packages/ros2_unitree_legged_msgs)
[0.389s] Level 1:colcon.colcon_core.environment:create_environment_scripts_only(ros2_unitree_legged_msgs)
[0.389s] Level 1:colcon.colcon_core.environment:checking '/home/ruben/workhop_rl/install/ros2_unitree_legged_msgs' for CMake module files
[0.389s] Level 1:colcon.colcon_core.environment:checking '/home/ruben/workhop_rl/install/ros2_unitree_legged_msgs' for CMake config files
[0.389s] Level 1:colcon.colcon_core.shell:create_environment_hook('ros2_unitree_legged_msgs', 'cmake_prefix_path')
[0.389s] INFO:colcon.colcon_core.shell:Creating environment hook '/home/ruben/workhop_rl/install/ros2_unitree_legged_msgs/share/ros2_unitree_legged_msgs/hook/cmake_prefix_path.ps1'
[0.389s] INFO:colcon.colcon_core.shell:Creating environment descriptor '/home/ruben/workhop_rl/install/ros2_unitree_legged_msgs/share/ros2_unitree_legged_msgs/hook/cmake_prefix_path.dsv'
[0.389s] INFO:colcon.colcon_core.shell:Creating environment hook '/home/ruben/workhop_rl/install/ros2_unitree_legged_msgs/share/ros2_unitree_legged_msgs/hook/cmake_prefix_path.sh'
[0.390s] Level 1:colcon.colcon_core.environment:checking '/home/ruben/workhop_rl/install/ros2_unitree_legged_msgs/lib'
[0.390s] Level 1:colcon.colcon_core.shell:create_environment_hook('ros2_unitree_legged_msgs', 'ld_library_path_lib')
[0.390s] INFO:colcon.colcon_core.shell:Creating environment hook '/home/ruben/workhop_rl/install/ros2_unitree_legged_msgs/share/ros2_unitree_legged_msgs/hook/ld_library_path_lib.ps1'
[0.390s] INFO:colcon.colcon_core.shell:Creating environment descriptor '/home/ruben/workhop_rl/install/ros2_unitree_legged_msgs/share/ros2_unitree_legged_msgs/hook/ld_library_path_lib.dsv'
[0.390s] INFO:colcon.colcon_core.shell:Creating environment hook '/home/ruben/workhop_rl/install/ros2_unitree_legged_msgs/share/ros2_unitree_legged_msgs/hook/ld_library_path_lib.sh'
[0.390s] Level 1:colcon.colcon_core.environment:checking '/home/ruben/workhop_rl/install/ros2_unitree_legged_msgs/bin'
[0.390s] Level 1:colcon.colcon_core.environment:checking '/home/ruben/workhop_rl/install/ros2_unitree_legged_msgs/lib/pkgconfig/ros2_unitree_legged_msgs.pc'
[0.390s] Level 1:colcon.colcon_core.environment:checking '/home/ruben/workhop_rl/install/ros2_unitree_legged_msgs/lib/python3.10/site-packages'
[0.390s] Level 1:colcon.colcon_core.environment:checking '/home/ruben/workhop_rl/install/ros2_unitree_legged_msgs/bin'
[0.391s] INFO:colcon.colcon_core.shell:Creating package script '/home/ruben/workhop_rl/install/ros2_unitree_legged_msgs/share/ros2_unitree_legged_msgs/package.ps1'
[0.391s] INFO:colcon.colcon_core.shell:Creating package descriptor '/home/ruben/workhop_rl/install/ros2_unitree_legged_msgs/share/ros2_unitree_legged_msgs/package.dsv'
[0.391s] INFO:colcon.colcon_core.shell:Creating package script '/home/ruben/workhop_rl/install/ros2_unitree_legged_msgs/share/ros2_unitree_legged_msgs/package.sh'
[0.391s] INFO:colcon.colcon_core.shell:Creating package script '/home/ruben/workhop_rl/install/ros2_unitree_legged_msgs/share/ros2_unitree_legged_msgs/package.bash'
[0.391s] INFO:colcon.colcon_core.shell:Creating package script '/home/ruben/workhop_rl/install/ros2_unitree_legged_msgs/share/ros2_unitree_legged_msgs/package.zsh'
[0.391s] Level 1:colcon.colcon_core.environment:create_file_with_runtime_dependencies(/home/ruben/workhop_rl/install/ros2_unitree_legged_msgs/share/colcon-core/packages/ros2_unitree_legged_msgs)
[0.392s] INFO:colcon.colcon_ros.task.ament_cmake.build:Building ROS package in '/home/ruben/workhop_rl/src/unitree_rl_controller-ros2' with build type 'ament_cmake'
[0.392s] INFO:colcon.colcon_cmake.task.cmake.build:Building CMake package in '/home/ruben/workhop_rl/src/unitree_rl_controller-ros2'
[0.392s] INFO:colcon.colcon_core.shell:Skip shell extension 'powershell' for command environment: Not usable outside of PowerShell
[0.392s] DEBUG:colcon.colcon_core.shell:Skip shell extension 'dsv' for command environment
[0.397s] DEBUG:colcon.colcon_core.event_handler.log_command:Invoking command in '/home/ruben/workhop_rl/build/unitree_rl_controller': CMAKE_PREFIX_PATH=/home/ruben/workhop_rl/install/ros2_unitree_legged_msgs:/home/ruben/workhop_rl/install/unitree_legged_real:/home/ruben/workhop_rl/install/unitree_rl_controller:/opt/ros/humble LD_LIBRARY_PATH=/home/ruben/workhop_rl/install/ros2_unitree_legged_msgs/lib:/home/ruben/workhop_rl/install/unitree_legged_real/lib:/home/ruben/workhop_rl/install/unitree_rl_controller/lib:/usr/lib/x86_64-linux-gnu/gazebo-11/plugins:/opt/ros/humble/opt/rviz_ogre_vendor/lib:/opt/ros/humble/lib/x86_64-linux-gnu:/opt/ros/humble/lib:/usr/local/cuda-12.6/lib64:/home/ruben/workhop_rl/src/libtorch/lib/:/home/ruben/workhop_rl/src/libtorch/lib/:/home/ruben/libtorch/lib/ /usr/bin/cmake --build /home/ruben/workhop_rl/build/unitree_rl_controller -- -j20 -l20
[9.074s] DEBUG:colcon.colcon_core.event_handler.log_command:Invoked command in '/home/ruben/workhop_rl/build/unitree_rl_controller' returned '0': CMAKE_PREFIX_PATH=/home/ruben/workhop_rl/install/ros2_unitree_legged_msgs:/home/ruben/workhop_rl/install/unitree_legged_real:/home/ruben/workhop_rl/install/unitree_rl_controller:/opt/ros/humble LD_LIBRARY_PATH=/home/ruben/workhop_rl/install/ros2_unitree_legged_msgs/lib:/home/ruben/workhop_rl/install/unitree_legged_real/lib:/home/ruben/workhop_rl/install/unitree_rl_controller/lib:/usr/lib/x86_64-linux-gnu/gazebo-11/plugins:/opt/ros/humble/opt/rviz_ogre_vendor/lib:/opt/ros/humble/lib/x86_64-linux-gnu:/opt/ros/humble/lib:/usr/local/cuda-12.6/lib64:/home/ruben/workhop_rl/src/libtorch/lib/:/home/ruben/workhop_rl/src/libtorch/lib/:/home/ruben/libtorch/lib/ /usr/bin/cmake --build /home/ruben/workhop_rl/build/unitree_rl_controller -- -j20 -l20
[9.075s] DEBUG:colcon.colcon_core.event_handler.log_command:Invoking command in '/home/ruben/workhop_rl/build/unitree_rl_controller': CMAKE_PREFIX_PATH=/home/ruben/workhop_rl/install/ros2_unitree_legged_msgs:/home/ruben/workhop_rl/install/unitree_legged_real:/home/ruben/workhop_rl/install/unitree_rl_controller:/opt/ros/humble LD_LIBRARY_PATH=/home/ruben/workhop_rl/install/ros2_unitree_legged_msgs/lib:/home/ruben/workhop_rl/install/unitree_legged_real/lib:/home/ruben/workhop_rl/install/unitree_rl_controller/lib:/usr/lib/x86_64-linux-gnu/gazebo-11/plugins:/opt/ros/humble/opt/rviz_ogre_vendor/lib:/opt/ros/humble/lib/x86_64-linux-gnu:/opt/ros/humble/lib:/usr/local/cuda-12.6/lib64:/home/ruben/workhop_rl/src/libtorch/lib/:/home/ruben/workhop_rl/src/libtorch/lib/:/home/ruben/libtorch/lib/ /usr/bin/cmake --install /home/ruben/workhop_rl/build/unitree_rl_controller
[9.080s] Level 1:colcon.colcon_core.environment:create_environment_scripts_only(unitree_rl_controller)
[9.081s] Level 1:colcon.colcon_core.environment:checking '/home/ruben/workhop_rl/install/unitree_rl_controller' for CMake module files
[9.081s] DEBUG:colcon.colcon_core.event_handler.log_command:Invoked command in '/home/ruben/workhop_rl/build/unitree_rl_controller' returned '0': CMAKE_PREFIX_PATH=/home/ruben/workhop_rl/install/ros2_unitree_legged_msgs:/home/ruben/workhop_rl/install/unitree_legged_real:/home/ruben/workhop_rl/install/unitree_rl_controller:/opt/ros/humble LD_LIBRARY_PATH=/home/ruben/workhop_rl/install/ros2_unitree_legged_msgs/lib:/home/ruben/workhop_rl/install/unitree_legged_real/lib:/home/ruben/workhop_rl/install/unitree_rl_controller/lib:/usr/lib/x86_64-linux-gnu/gazebo-11/plugins:/opt/ros/humble/opt/rviz_ogre_vendor/lib:/opt/ros/humble/lib/x86_64-linux-gnu:/opt/ros/humble/lib:/usr/local/cuda-12.6/lib64:/home/ruben/workhop_rl/src/libtorch/lib/:/home/ruben/workhop_rl/src/libtorch/lib/:/home/ruben/libtorch/lib/ /usr/bin/cmake --install /home/ruben/workhop_rl/build/unitree_rl_controller
[9.081s] Level 1:colcon.colcon_core.environment:checking '/home/ruben/workhop_rl/install/unitree_rl_controller' for CMake config files
[9.081s] Level 1:colcon.colcon_core.shell:create_environment_hook('unitree_rl_controller', 'cmake_prefix_path')
[9.081s] INFO:colcon.colcon_core.shell:Creating environment hook '/home/ruben/workhop_rl/install/unitree_rl_controller/share/unitree_rl_controller/hook/cmake_prefix_path.ps1'
[9.081s] INFO:colcon.colcon_core.shell:Creating environment descriptor '/home/ruben/workhop_rl/install/unitree_rl_controller/share/unitree_rl_controller/hook/cmake_prefix_path.dsv'
[9.081s] INFO:colcon.colcon_core.shell:Creating environment hook '/home/ruben/workhop_rl/install/unitree_rl_controller/share/unitree_rl_controller/hook/cmake_prefix_path.sh'
[9.082s] Level 1:colcon.colcon_core.environment:checking '/home/ruben/workhop_rl/install/unitree_rl_controller/lib'
[9.082s] Level 1:colcon.colcon_core.shell:create_environment_hook('unitree_rl_controller', 'ld_library_path_lib')
[9.082s] INFO:colcon.colcon_core.shell:Creating environment hook '/home/ruben/workhop_rl/install/unitree_rl_controller/share/unitree_rl_controller/hook/ld_library_path_lib.ps1'
[9.082s] INFO:colcon.colcon_core.shell:Creating environment descriptor '/home/ruben/workhop_rl/install/unitree_rl_controller/share/unitree_rl_controller/hook/ld_library_path_lib.dsv'
[9.082s] INFO:colcon.colcon_core.shell:Creating environment hook '/home/ruben/workhop_rl/install/unitree_rl_controller/share/unitree_rl_controller/hook/ld_library_path_lib.sh'
[9.082s] Level 1:colcon.colcon_core.environment:checking '/home/ruben/workhop_rl/install/unitree_rl_controller/bin'
[9.082s] Level 1:colcon.colcon_core.environment:checking '/home/ruben/workhop_rl/install/unitree_rl_controller/lib/pkgconfig/unitree_rl_controller.pc'
[9.082s] Level 1:colcon.colcon_core.environment:checking '/home/ruben/workhop_rl/install/unitree_rl_controller/lib/python3.10/site-packages'
[9.082s] Level 1:colcon.colcon_core.environment:checking '/home/ruben/workhop_rl/install/unitree_rl_controller/bin'
[9.083s] INFO:colcon.colcon_core.shell:Creating package script '/home/ruben/workhop_rl/install/unitree_rl_controller/share/unitree_rl_controller/package.ps1'
[9.083s] INFO:colcon.colcon_core.shell:Creating package descriptor '/home/ruben/workhop_rl/install/unitree_rl_controller/share/unitree_rl_controller/package.dsv'
[9.083s] INFO:colcon.colcon_core.shell:Creating package script '/home/ruben/workhop_rl/install/unitree_rl_controller/share/unitree_rl_controller/package.sh'
[9.083s] INFO:colcon.colcon_core.shell:Creating package script '/home/ruben/workhop_rl/install/unitree_rl_controller/share/unitree_rl_controller/package.bash'
[9.083s] INFO:colcon.colcon_core.shell:Creating package script '/home/ruben/workhop_rl/install/unitree_rl_controller/share/unitree_rl_controller/package.zsh'
[9.083s] Level 1:colcon.colcon_core.environment:create_file_with_runtime_dependencies(/home/ruben/workhop_rl/install/unitree_rl_controller/share/colcon-core/packages/unitree_rl_controller)
[9.084s] Level 1:colcon.colcon_core.environment:create_environment_scripts_only(unitree_rl_controller)
[9.084s] Level 1:colcon.colcon_core.environment:checking '/home/ruben/workhop_rl/install/unitree_rl_controller' for CMake module files
[9.084s] Level 1:colcon.colcon_core.environment:checking '/home/ruben/workhop_rl/install/unitree_rl_controller' for CMake config files
[9.084s] Level 1:colcon.colcon_core.shell:create_environment_hook('unitree_rl_controller', 'cmake_prefix_path')
[9.084s] INFO:colcon.colcon_core.shell:Creating environment hook '/home/ruben/workhop_rl/install/unitree_rl_controller/share/unitree_rl_controller/hook/cmake_prefix_path.ps1'
[9.084s] INFO:colcon.colcon_core.shell:Creating environment descriptor '/home/ruben/workhop_rl/install/unitree_rl_controller/share/unitree_rl_controller/hook/cmake_prefix_path.dsv'
[9.084s] INFO:colcon.colcon_core.shell:Creating environment hook '/home/ruben/workhop_rl/install/unitree_rl_controller/share/unitree_rl_controller/hook/cmake_prefix_path.sh'
[9.085s] Level 1:colcon.colcon_core.environment:checking '/home/ruben/workhop_rl/install/unitree_rl_controller/lib'
[9.085s] Level 1:colcon.colcon_core.shell:create_environment_hook('unitree_rl_controller', 'ld_library_path_lib')
[9.085s] INFO:colcon.colcon_core.shell:Creating environment hook '/home/ruben/workhop_rl/install/unitree_rl_controller/share/unitree_rl_controller/hook/ld_library_path_lib.ps1'
[9.085s] INFO:colcon.colcon_core.shell:Creating environment descriptor '/home/ruben/workhop_rl/install/unitree_rl_controller/share/unitree_rl_controller/hook/ld_library_path_lib.dsv'
[9.085s] INFO:colcon.colcon_core.shell:Creating environment hook '/home/ruben/workhop_rl/install/unitree_rl_controller/share/unitree_rl_controller/hook/ld_library_path_lib.sh'
[9.085s] Level 1:colcon.colcon_core.environment:checking '/home/ruben/workhop_rl/install/unitree_rl_controller/bin'
[9.085s] Level 1:colcon.colcon_core.environment:checking '/home/ruben/workhop_rl/install/unitree_rl_controller/lib/pkgconfig/unitree_rl_controller.pc'
[9.085s] Level 1:colcon.colcon_core.environment:checking '/home/ruben/workhop_rl/install/unitree_rl_controller/lib/python3.10/site-packages'
[9.085s] Level 1:colcon.colcon_core.environment:checking '/home/ruben/workhop_rl/install/unitree_rl_controller/bin'
[9.086s] INFO:colcon.colcon_core.shell:Creating package script '/home/ruben/workhop_rl/install/unitree_rl_controller/share/unitree_rl_controller/package.ps1'
[9.086s] INFO:colcon.colcon_core.shell:Creating package descriptor '/home/ruben/workhop_rl/install/unitree_rl_controller/share/unitree_rl_controller/package.dsv'
[9.086s] INFO:colcon.colcon_core.shell:Creating package script '/home/ruben/workhop_rl/install/unitree_rl_controller/share/unitree_rl_controller/package.sh'
[9.086s] INFO:colcon.colcon_core.shell:Creating package script '/home/ruben/workhop_rl/install/unitree_rl_controller/share/unitree_rl_controller/package.bash'
[9.086s] INFO:colcon.colcon_core.shell:Creating package script '/home/ruben/workhop_rl/install/unitree_rl_controller/share/unitree_rl_controller/package.zsh'
[9.086s] Level 1:colcon.colcon_core.environment:create_file_with_runtime_dependencies(/home/ruben/workhop_rl/install/unitree_rl_controller/share/colcon-core/packages/unitree_rl_controller)
[9.087s] INFO:colcon.colcon_ros.task.ament_cmake.build:Building ROS package in '/home/ruben/workhop_rl/src/unitree_ros2_to_real' with build type 'ament_cmake'
[9.087s] INFO:colcon.colcon_cmake.task.cmake.build:Building CMake package in '/home/ruben/workhop_rl/src/unitree_ros2_to_real'
[9.087s] INFO:colcon.colcon_core.shell:Skip shell extension 'powershell' for command environment: Not usable outside of PowerShell
[9.087s] DEBUG:colcon.colcon_core.shell:Skip shell extension 'dsv' for command environment
[9.093s] DEBUG:colcon.colcon_core.event_handler.log_command:Invoking command in '/home/ruben/workhop_rl/build/unitree_legged_real': CMAKE_PREFIX_PATH=/home/ruben/workhop_rl/install/unitree_rl_controller:/home/ruben/workhop_rl/install/ros2_unitree_legged_msgs:/home/ruben/workhop_rl/install/unitree_legged_real:/opt/ros/humble LD_LIBRARY_PATH=/home/ruben/workhop_rl/install/unitree_rl_controller/lib:/home/ruben/workhop_rl/install/ros2_unitree_legged_msgs/lib:/home/ruben/workhop_rl/install/unitree_legged_real/lib:/usr/lib/x86_64-linux-gnu/gazebo-11/plugins:/opt/ros/humble/opt/rviz_ogre_vendor/lib:/opt/ros/humble/lib/x86_64-linux-gnu:/opt/ros/humble/lib:/usr/local/cuda-12.6/lib64:/home/ruben/workhop_rl/src/libtorch/lib/:/home/ruben/workhop_rl/src/libtorch/lib/:/home/ruben/libtorch/lib/ /usr/bin/cmake --build /home/ruben/workhop_rl/build/unitree_legged_real -- -j20 -l20
[20.942s] DEBUG:colcon.colcon_core.event_handler.log_command:Invoked command in '/home/ruben/workhop_rl/build/unitree_legged_real' returned '0': CMAKE_PREFIX_PATH=/home/ruben/workhop_rl/install/unitree_rl_controller:/home/ruben/workhop_rl/install/ros2_unitree_legged_msgs:/home/ruben/workhop_rl/install/unitree_legged_real:/opt/ros/humble LD_LIBRARY_PATH=/home/ruben/workhop_rl/install/unitree_rl_controller/lib:/home/ruben/workhop_rl/install/ros2_unitree_legged_msgs/lib:/home/ruben/workhop_rl/install/unitree_legged_real/lib:/usr/lib/x86_64-linux-gnu/gazebo-11/plugins:/opt/ros/humble/opt/rviz_ogre_vendor/lib:/opt/ros/humble/lib/x86_64-linux-gnu:/opt/ros/humble/lib:/usr/local/cuda-12.6/lib64:/home/ruben/workhop_rl/src/libtorch/lib/:/home/ruben/workhop_rl/src/libtorch/lib/:/home/ruben/libtorch/lib/ /usr/bin/cmake --build /home/ruben/workhop_rl/build/unitree_legged_real -- -j20 -l20
[20.943s] DEBUG:colcon.colcon_core.event_handler.log_command:Invoking command in '/home/ruben/workhop_rl/build/unitree_legged_real': CMAKE_PREFIX_PATH=/home/ruben/workhop_rl/install/unitree_rl_controller:/home/ruben/workhop_rl/install/ros2_unitree_legged_msgs:/home/ruben/workhop_rl/install/unitree_legged_real:/opt/ros/humble LD_LIBRARY_PATH=/home/ruben/workhop_rl/install/unitree_rl_controller/lib:/home/ruben/workhop_rl/install/ros2_unitree_legged_msgs/lib:/home/ruben/workhop_rl/install/unitree_legged_real/lib:/usr/lib/x86_64-linux-gnu/gazebo-11/plugins:/opt/ros/humble/opt/rviz_ogre_vendor/lib:/opt/ros/humble/lib/x86_64-linux-gnu:/opt/ros/humble/lib:/usr/local/cuda-12.6/lib64:/home/ruben/workhop_rl/src/libtorch/lib/:/home/ruben/workhop_rl/src/libtorch/lib/:/home/ruben/libtorch/lib/ /usr/bin/cmake --install /home/ruben/workhop_rl/build/unitree_legged_real
[20.950s] Level 1:colcon.colcon_core.environment:create_environment_scripts_only(unitree_legged_real)
[20.950s] Level 1:colcon.colcon_core.environment:checking '/home/ruben/workhop_rl/install/unitree_legged_real' for CMake module files
[20.950s] DEBUG:colcon.colcon_core.event_handler.log_command:Invoked command in '/home/ruben/workhop_rl/build/unitree_legged_real' returned '0': CMAKE_PREFIX_PATH=/home/ruben/workhop_rl/install/unitree_rl_controller:/home/ruben/workhop_rl/install/ros2_unitree_legged_msgs:/home/ruben/workhop_rl/install/unitree_legged_real:/opt/ros/humble LD_LIBRARY_PATH=/home/ruben/workhop_rl/install/unitree_rl_controller/lib:/home/ruben/workhop_rl/install/ros2_unitree_legged_msgs/lib:/home/ruben/workhop_rl/install/unitree_legged_real/lib:/usr/lib/x86_64-linux-gnu/gazebo-11/plugins:/opt/ros/humble/opt/rviz_ogre_vendor/lib:/opt/ros/humble/lib/x86_64-linux-gnu:/opt/ros/humble/lib:/usr/local/cuda-12.6/lib64:/home/ruben/workhop_rl/src/libtorch/lib/:/home/ruben/workhop_rl/src/libtorch/lib/:/home/ruben/libtorch/lib/ /usr/bin/cmake --install /home/ruben/workhop_rl/build/unitree_legged_real
[20.950s] Level 1:colcon.colcon_core.environment:checking '/home/ruben/workhop_rl/install/unitree_legged_real' for CMake config files
[20.951s] Level 1:colcon.colcon_core.shell:create_environment_hook('unitree_legged_real', 'cmake_prefix_path')
[20.951s] INFO:colcon.colcon_core.shell:Creating environment hook '/home/ruben/workhop_rl/install/unitree_legged_real/share/unitree_legged_real/hook/cmake_prefix_path.ps1'
[20.951s] INFO:colcon.colcon_core.shell:Creating environment descriptor '/home/ruben/workhop_rl/install/unitree_legged_real/share/unitree_legged_real/hook/cmake_prefix_path.dsv'
[20.951s] INFO:colcon.colcon_core.shell:Creating environment hook '/home/ruben/workhop_rl/install/unitree_legged_real/share/unitree_legged_real/hook/cmake_prefix_path.sh'
[20.951s] Level 1:colcon.colcon_core.environment:checking '/home/ruben/workhop_rl/install/unitree_legged_real/lib'
[20.951s] Level 1:colcon.colcon_core.shell:create_environment_hook('unitree_legged_real', 'ld_library_path_lib')
[20.951s] INFO:colcon.colcon_core.shell:Creating environment hook '/home/ruben/workhop_rl/install/unitree_legged_real/share/unitree_legged_real/hook/ld_library_path_lib.ps1'
[20.952s] INFO:colcon.colcon_core.shell:Creating environment descriptor '/home/ruben/workhop_rl/install/unitree_legged_real/share/unitree_legged_real/hook/ld_library_path_lib.dsv'
[20.952s] INFO:colcon.colcon_core.shell:Creating environment hook '/home/ruben/workhop_rl/install/unitree_legged_real/share/unitree_legged_real/hook/ld_library_path_lib.sh'
[20.952s] Level 1:colcon.colcon_core.environment:checking '/home/ruben/workhop_rl/install/unitree_legged_real/bin'
[20.952s] Level 1:colcon.colcon_core.environment:checking '/home/ruben/workhop_rl/install/unitree_legged_real/lib/pkgconfig/unitree_legged_real.pc'
[20.952s] Level 1:colcon.colcon_core.environment:checking '/home/ruben/workhop_rl/install/unitree_legged_real/lib/python3.10/site-packages'
[20.952s] Level 1:colcon.colcon_core.environment:checking '/home/ruben/workhop_rl/install/unitree_legged_real/bin'
[20.952s] INFO:colcon.colcon_core.shell:Creating package script '/home/ruben/workhop_rl/install/unitree_legged_real/share/unitree_legged_real/package.ps1'
[20.952s] INFO:colcon.colcon_core.shell:Creating package descriptor '/home/ruben/workhop_rl/install/unitree_legged_real/share/unitree_legged_real/package.dsv'
[20.953s] INFO:colcon.colcon_core.shell:Creating package script '/home/ruben/workhop_rl/install/unitree_legged_real/share/unitree_legged_real/package.sh'
[20.953s] INFO:colcon.colcon_core.shell:Creating package script '/home/ruben/workhop_rl/install/unitree_legged_real/share/unitree_legged_real/package.bash'
[20.953s] INFO:colcon.colcon_core.shell:Creating package script '/home/ruben/workhop_rl/install/unitree_legged_real/share/unitree_legged_real/package.zsh'
[20.953s] Level 1:colcon.colcon_core.environment:create_file_with_runtime_dependencies(/home/ruben/workhop_rl/install/unitree_legged_real/share/colcon-core/packages/unitree_legged_real)
[20.953s] Level 1:colcon.colcon_core.environment:create_environment_scripts_only(unitree_legged_real)
[20.953s] Level 1:colcon.colcon_core.environment:checking '/home/ruben/workhop_rl/install/unitree_legged_real' for CMake module files
[20.954s] Level 1:colcon.colcon_core.environment:checking '/home/ruben/workhop_rl/install/unitree_legged_real' for CMake config files
[20.954s] Level 1:colcon.colcon_core.shell:create_environment_hook('unitree_legged_real', 'cmake_prefix_path')
[20.954s] INFO:colcon.colcon_core.shell:Creating environment hook '/home/ruben/workhop_rl/install/unitree_legged_real/share/unitree_legged_real/hook/cmake_prefix_path.ps1'
[20.954s] INFO:colcon.colcon_core.shell:Creating environment descriptor '/home/ruben/workhop_rl/install/unitree_legged_real/share/unitree_legged_real/hook/cmake_prefix_path.dsv'
[20.954s] INFO:colcon.colcon_core.shell:Creating environment hook '/home/ruben/workhop_rl/install/unitree_legged_real/share/unitree_legged_real/hook/cmake_prefix_path.sh'
[20.954s] Level 1:colcon.colcon_core.environment:checking '/home/ruben/workhop_rl/install/unitree_legged_real/lib'
[20.954s] Level 1:colcon.colcon_core.shell:create_environment_hook('unitree_legged_real', 'ld_library_path_lib')
[20.954s] INFO:colcon.colcon_core.shell:Creating environment hook '/home/ruben/workhop_rl/install/unitree_legged_real/share/unitree_legged_real/hook/ld_library_path_lib.ps1'
[20.955s] INFO:colcon.colcon_core.shell:Creating environment descriptor '/home/ruben/workhop_rl/install/unitree_legged_real/share/unitree_legged_real/hook/ld_library_path_lib.dsv'
[20.955s] INFO:colcon.colcon_core.shell:Creating environment hook '/home/ruben/workhop_rl/install/unitree_legged_real/share/unitree_legged_real/hook/ld_library_path_lib.sh'
[20.955s] Level 1:colcon.colcon_core.environment:checking '/home/ruben/workhop_rl/install/unitree_legged_real/bin'
[20.955s] Level 1:colcon.colcon_core.environment:checking '/home/ruben/workhop_rl/install/unitree_legged_real/lib/pkgconfig/unitree_legged_real.pc'
[20.955s] Level 1:colcon.colcon_core.environment:checking '/home/ruben/workhop_rl/install/unitree_legged_real/lib/python3.10/site-packages'
[20.955s] Level 1:colcon.colcon_core.environment:checking '/home/ruben/workhop_rl/install/unitree_legged_real/bin'
[20.955s] INFO:colcon.colcon_core.shell:Creating package script '/home/ruben/workhop_rl/install/unitree_legged_real/share/unitree_legged_real/package.ps1'
[20.955s] INFO:colcon.colcon_core.shell:Creating package descriptor '/home/ruben/workhop_rl/install/unitree_legged_real/share/unitree_legged_real/package.dsv'
[20.956s] INFO:colcon.colcon_core.shell:Creating package script '/home/ruben/workhop_rl/install/unitree_legged_real/share/unitree_legged_real/package.sh'
[20.956s] INFO:colcon.colcon_core.shell:Creating package script '/home/ruben/workhop_rl/install/unitree_legged_real/share/unitree_legged_real/package.bash'
[20.956s] INFO:colcon.colcon_core.shell:Creating package script '/home/ruben/workhop_rl/install/unitree_legged_real/share/unitree_legged_real/package.zsh'
[20.956s] Level 1:colcon.colcon_core.environment:create_file_with_runtime_dependencies(/home/ruben/workhop_rl/install/unitree_legged_real/share/colcon-core/packages/unitree_legged_real)
[20.956s] DEBUG:colcon.colcon_parallel_executor.executor.parallel:closing loop
[20.956s] DEBUG:colcon.colcon_parallel_executor.executor.parallel:loop closed
[20.956s] DEBUG:colcon.colcon_parallel_executor.executor.parallel:run_until_complete finished with '0'
[20.956s] DEBUG:colcon.colcon_core.event_reactor:joining thread
[20.959s] INFO:colcon.colcon_core.plugin_system:Skipping extension 'colcon_notification.desktop_notification.terminal_notifier': Not used on non-Darwin systems
[20.959s] INFO:colcon.colcon_core.plugin_system:Skipping extension 'colcon_notification.desktop_notification.win32': Not used on non-Windows systems
[20.959s] INFO:colcon.colcon_notification.desktop_notification:Sending desktop notification using 'notify2'
[20.976s] DEBUG:colcon.colcon_core.event_reactor:joined thread
[20.976s] INFO:colcon.colcon_core.shell:Creating prefix script '/home/ruben/workhop_rl/install/local_setup.ps1'
[20.977s] INFO:colcon.colcon_core.shell:Creating prefix util module '/home/ruben/workhop_rl/install/_local_setup_util_ps1.py'
[20.977s] INFO:colcon.colcon_core.shell:Creating prefix chain script '/home/ruben/workhop_rl/install/setup.ps1'
[20.978s] INFO:colcon.colcon_core.shell:Creating prefix script '/home/ruben/workhop_rl/install/local_setup.sh'
[20.978s] INFO:colcon.colcon_core.shell:Creating prefix util module '/home/ruben/workhop_rl/install/_local_setup_util_sh.py'
[20.978s] INFO:colcon.colcon_core.shell:Creating prefix chain script '/home/ruben/workhop_rl/install/setup.sh'
[20.979s] INFO:colcon.colcon_core.shell:Creating prefix script '/home/ruben/workhop_rl/install/local_setup.bash'
[20.979s] INFO:colcon.colcon_core.shell:Creating prefix chain script '/home/ruben/workhop_rl/install/setup.bash'
[20.979s] INFO:colcon.colcon_core.shell:Creating prefix script '/home/ruben/workhop_rl/install/local_setup.zsh'
[20.979s] INFO:colcon.colcon_core.shell:Creating prefix chain script '/home/ruben/workhop_rl/install/setup.zsh'
